repeat 1/1
Data(x=[21014, 1836], edge_index=[2, 1784298], y=[21014], central_mask=[21014], train_mask=[21014], val_mask=[21014], test_mask=[21014])
AdaptedGAT(
  (convs): ModuleList(
    (0): AdaptedConv(256, 64)
  )
  (complementor): Adapted_complementor(
    (input_layer_o): Linear(300, 128, bias=False)
    (input_layer_u): Linear(1536, 128, bias=False)
    (adapted_layer): Adapted_complete_layer(dim_share:128, dim_unshare:128)
    (layers): ModuleList()
  )
  (bns): ModuleList(
    (0): BatchNorm1d(64, eps=1e-05, momentum=0.1, affine=True, track_running_stats=True)
  )
  (clf_base): AdaptedConv(64, 2)
  (clf_target): AdaptedConv(64, 2)
  (clf_transformer): Sequential(
    (0): Linear(64, 64, bias=True)
    (1): BatchNorm1d(64, eps=1e-05, momentum=0.1, affine=True, track_running_stats=True)
    (2): ReLU()
    (3): Linear(64, 64, bias=True)
  )
)
auto fixed data split seed to 0, model init seed to 0
Data(x=[21014, 1836], edge_index=[2, 1784298], y=[21014], central_mask=[21014], train_mask=[21014], val_mask=[21014], test_mask=[21014])
[Dataset-Twitter()] train_num:959, val_num:125, test_num:125, class_num:2
Adjusting learning rate of group 0 to 1.0000e-03.
0 torch.Size([2, 849189])
1.329759120941162 0.9070948958396912 0.7539964914321899
Loss_clf:1.364 | Loss_dist:9.862 | Loss_kl:0.284
Adjusting learning rate of group 0 to 1.0000e-03.
Epoch: 001, Loss:11.2267 Train: 0.4484, Val:0.6240, Test: 0.5760, Time(s/epoch):2.1794
0.9631232023239136 0.8596951961517334 0.6927530765533447
Loss_clf:1.087 | Loss_dist:6.162 | Loss_kl:0.217
Adjusting learning rate of group 0 to 1.0000e-03.
Epoch: 002, Loss:7.2483 Train: 0.4380, Val:0.6240, Test: 0.5760, Time(s/epoch):0.5991
0.9026297926902771 0.8545215725898743 0.7194343209266663
Loss_clf:0.931 | Loss_dist:3.891 | Loss_kl:0.086
Adjusting learning rate of group 0 to 1.0000e-03.
Epoch: 003, Loss:4.8218 Train: 0.4390, Val:0.4560, Test: 0.4720, Time(s/epoch):0.1580
0.7657544016838074 0.7919344902038574 0.7260572910308838
Loss_clf:0.819 | Loss_dist:2.458 | Loss_kl:0.056
Adjusting learning rate of group 0 to 1.0000e-03.
Epoch: 004, Loss:3.2768 Train: 0.4390, Val:0.4000, Test: 0.4000, Time(s/epoch):0.1573
0.7214749455451965 0.7098126411437988 0.7232691645622253
Loss_clf:0.765 | Loss_dist:1.620 | Loss_kl:0.046
Adjusting learning rate of group 0 to 1.0000e-03.
Epoch: 005, Loss:2.3849 Train: 0.4390, Val:0.4000, Test: 0.4000, Time(s/epoch):0.1602
0.6803968548774719 0.8977414965629578 0.732318639755249
Loss_clf:0.812 | Loss_dist:1.135 | Loss_kl:0.064
Adjusting learning rate of group 0 to 1.0000e-03.
Epoch: 006, Loss:1.9474 Train: 0.4390, Val:0.4000, Test: 0.4000, Time(s/epoch):0.1589
0.724916934967041 0.6921520829200745 0.7031687498092651
Loss_clf:0.776 | Loss_dist:0.866 | Loss_kl:0.065
Adjusting learning rate of group 0 to 1.0000e-03.
Epoch: 007, Loss:1.6424 Train: 0.4411, Val:0.4080, Test: 0.3920, Time(s/epoch):0.1585
0.6894458532333374 0.7788775563240051 0.6883134841918945
Loss_clf:0.799 | Loss_dist:0.721 | Loss_kl:0.088
Adjusting learning rate of group 0 to 1.0000e-03.
Epoch: 008, Loss:1.5200 Train: 0.5120, Val:0.6560, Test: 0.6480, Time(s/epoch):0.1570
0.6947906017303467 0.6894027590751648 0.6929163932800293
Loss_clf:0.740 | Loss_dist:0.626 | Loss_kl:0.047
Adjusting learning rate of group 0 to 1.0000e-03.
Epoch: 009, Loss:1.3661 Train: 0.5141, Val:0.5840, Test: 0.5680, Time(s/epoch):0.1592
0.6729838848114014 0.6967867612838745 0.6907769441604614
Loss_clf:0.728 | Loss_dist:0.557 | Loss_kl:0.045
Adjusting learning rate of group 0 to 1.0000e-03.
Epoch: 010, Loss:1.2852 Train: 0.5151, Val:0.6000, Test: 0.5840, Time(s/epoch):0.1602
0.6660511493682861 0.7191341519355774 0.6915926933288574
Loss_clf:0.713 | Loss_dist:0.491 | Loss_kl:0.027
Adjusting learning rate of group 0 to 1.0000e-03.
Epoch: 011, Loss:1.2041 Train: 0.5151, Val:0.6000, Test: 0.5840, Time(s/epoch):0.1594
0.6568921804428101 0.642887532711029 0.6704189777374268
Loss_clf:0.681 | Loss_dist:0.437 | Loss_kl:0.024
Adjusting learning rate of group 0 to 1.0000e-03.
Epoch: 012, Loss:1.1178 Train: 0.5151, Val:0.6000, Test: 0.6000, Time(s/epoch):0.1641
0.6492857336997986 0.6970929503440857 0.6467002034187317
Loss_clf:0.687 | Loss_dist:0.389 | Loss_kl:0.026
Adjusting learning rate of group 0 to 1.0000e-03.
Epoch: 013, Loss:1.0753 Train: 0.5151, Val:0.6000, Test: 0.6000, Time(s/epoch):0.1666
0.6414681077003479 0.6517318487167358 0.6734252572059631
Loss_clf:0.674 | Loss_dist:0.348 | Loss_kl:0.022
Adjusting learning rate of group 0 to 1.0000e-03.
Epoch: 014, Loss:1.0225 Train: 0.5151, Val:0.6000, Test: 0.6080, Time(s/epoch):0.1593
0.6260879635810852 0.6654543876647949 0.6604691743850708
Loss_clf:0.660 | Loss_dist:0.312 | Loss_kl:0.016
Adjusting learning rate of group 0 to 1.0000e-03.
Epoch: 015, Loss:0.9723 Train: 0.5172, Val:0.6480, Test: 0.7120, Time(s/epoch):0.1672
0.6167137026786804 0.6402650475502014 0.6811823844909668
Loss_clf:0.657 | Loss_dist:0.276 | Loss_kl:0.018
Adjusting learning rate of group 0 to 1.0000e-03.
Epoch: 016, Loss:0.9335 Train: 0.5172, Val:0.3760, Test: 0.4080, Time(s/epoch):0.1741
0.6280797123908997 0.6318040490150452 0.6720258593559265
Loss_clf:0.654 | Loss_dist:0.239 | Loss_kl:0.014
Adjusting learning rate of group 0 to 1.0000e-03.
Epoch: 017, Loss:0.8933 Train: 0.5203, Val:0.3920, Test: 0.4080, Time(s/epoch):0.1688
0.6092117428779602 0.6439734101295471 0.6680690050125122
Loss_clf:0.647 | Loss_dist:0.205 | Loss_kl:0.014
Adjusting learning rate of group 0 to 1.0000e-03.
Epoch: 018, Loss:0.8516 Train: 0.5182, Val:0.3920, Test: 0.4080, Time(s/epoch):0.1694
0.6015646457672119 0.6401053071022034 0.6825278401374817
Loss_clf:0.648 | Loss_dist:0.171 | Loss_kl:0.017
Adjusting learning rate of group 0 to 1.0000e-03.
Epoch: 019, Loss:0.8189 Train: 0.5193, Val:0.3920, Test: 0.4080, Time(s/epoch):0.1728
0.6099162697792053 0.6475593447685242 0.6691821813583374
Loss_clf:0.649 | Loss_dist:0.142 | Loss_kl:0.015
Adjusting learning rate of group 0 to 1.0000e-03.
Epoch: 020, Loss:0.7911 Train: 0.5224, Val:0.3920, Test: 0.4160, Time(s/epoch):0.1726
0.5854406952857971 0.6270812749862671 0.652433454990387
Loss_clf:0.626 | Loss_dist:0.115 | Loss_kl:0.014
Adjusting learning rate of group 0 to 1.0000e-03.
Epoch: 021, Loss:0.7409 Train: 0.7070, Val:0.3920, Test: 0.4240, Time(s/epoch):0.1726
0.5833399891853333 0.6221338510513306 0.657433271408081
Loss_clf:0.625 | Loss_dist:0.094 | Loss_kl:0.013
Adjusting learning rate of group 0 to 1.0000e-03.
Epoch: 022, Loss:0.7190 Train: 0.6642, Val:0.4160, Test: 0.4640, Time(s/epoch):0.1737
0.5709038376808167 0.6123210787773132 0.6512860655784607
Loss_clf:0.614 | Loss_dist:0.079 | Loss_kl:0.013
Adjusting learning rate of group 0 to 1.0000e-03.
Epoch: 023, Loss:0.6931 Train: 0.6486, Val:0.6960, Test: 0.7920, Time(s/epoch):0.1776
0.5766103863716125 0.6045419573783875 0.6469694375991821
Loss_clf:0.615 | Loss_dist:0.068 | Loss_kl:0.013
Adjusting learning rate of group 0 to 1.0000e-03.
Epoch: 024, Loss:0.6829 Train: 0.6611, Val:0.6480, Test: 0.7920, Time(s/epoch):0.1758
0.560457170009613 0.5775874257087708 0.634779155254364
Loss_clf:0.600 | Loss_dist:0.059 | Loss_kl:0.017
Adjusting learning rate of group 0 to 1.0000e-03.
Epoch: 025, Loss:0.6584 Train: 0.6830, Val:0.6080, Test: 0.6160, Time(s/epoch):0.1681
0.5470594167709351 0.5648123025894165 0.6335638761520386
Loss_clf:0.587 | Loss_dist:0.051 | Loss_kl:0.014
Adjusting learning rate of group 0 to 1.0000e-03.
Epoch: 026, Loss:0.6378 Train: 0.6893, Val:0.6000, Test: 0.6000, Time(s/epoch):0.1727
0.5553997755050659 0.5721080899238586 0.6200810670852661
Loss_clf:0.586 | Loss_dist:0.044 | Loss_kl:0.010
Adjusting learning rate of group 0 to 1.0000e-03.
Epoch: 027, Loss:0.6298 Train: 0.7018, Val:0.6000, Test: 0.6000, Time(s/epoch):0.1726
0.5319974422454834 0.564091682434082 0.6080583333969116
Loss_clf:0.569 | Loss_dist:0.038 | Loss_kl:0.010
Adjusting learning rate of group 0 to 1.0000e-03.
Epoch: 028, Loss:0.6077 Train: 0.7018, Val:0.6000, Test: 0.6000, Time(s/epoch):0.1743
0.5324903726577759 0.5482704043388367 0.6035539507865906
Loss_clf:0.566 | Loss_dist:0.035 | Loss_kl:0.012
Adjusting learning rate of group 0 to 1.0000e-03.
Epoch: 029, Loss:0.6011 Train: 0.6976, Val:0.6000, Test: 0.6080, Time(s/epoch):0.1634
0.5135862827301025 0.5531691312789917 0.5878743529319763
Loss_clf:0.550 | Loss_dist:0.034 | Loss_kl:0.008
Adjusting learning rate of group 0 to 1.0000e-03.
Epoch: 030, Loss:0.5845 Train: 0.6903, Val:0.6000, Test: 0.6080, Time(s/epoch):0.1613
0.4974078834056854 0.5208097696304321 0.5620694756507874
Loss_clf:0.529 | Loss_dist:0.034 | Loss_kl:0.010
Adjusting learning rate of group 0 to 1.0000e-03.
Epoch: 031, Loss:0.5634 Train: 0.6934, Val:0.6080, Test: 0.6160, Time(s/epoch):0.1607
0.4961509704589844 0.4830760359764099 0.5572429299354553
Loss_clf:0.526 | Loss_dist:0.035 | Loss_kl:0.018
Adjusting learning rate of group 0 to 1.0000e-03.
Epoch: 032, Loss:0.5611 Train: 0.7174, Val:0.7280, Test: 0.8720, Time(s/epoch):0.1590
0.516409158706665 0.5231727361679077 0.5653291940689087
Loss_clf:0.539 | Loss_dist:0.036 | Loss_kl:0.008
Adjusting learning rate of group 0 to 1.0000e-03.
Epoch: 033, Loss:0.5745 Train: 0.7372, Val:0.7200, Test: 0.8640, Time(s/epoch):0.1623
0.4894748330116272 0.5145092606544495 0.5261222720146179
Loss_clf:0.512 | Loss_dist:0.032 | Loss_kl:0.007
Adjusting learning rate of group 0 to 1.0000e-03.
Epoch: 034, Loss:0.5440 Train: 0.7320, Val:0.6800, Test: 0.7200, Time(s/epoch):0.1608
0.4949936270713806 0.5032361149787903 0.5114501714706421
Loss_clf:0.508 | Loss_dist:0.028 | Loss_kl:0.007
Adjusting learning rate of group 0 to 1.0000e-03.
Epoch: 035, Loss:0.5360 Train: 0.6820, Val:0.6080, Test: 0.6160, Time(s/epoch):0.1611
0.522742509841919 0.49874281883239746 0.5184637308120728
Loss_clf:0.522 | Loss_dist:0.026 | Loss_kl:0.006
Adjusting learning rate of group 0 to 1.0000e-03.
Epoch: 036, Loss:0.5481 Train: 0.7518, Val:0.6720, Test: 0.8080, Time(s/epoch):0.1617
0.47371724247932434 0.47312256693840027 0.48104992508888245
Loss_clf:0.482 | Loss_dist:0.024 | Loss_kl:0.007
Adjusting learning rate of group 0 to 1.0000e-03.
Epoch: 037, Loss:0.5056 Train: 0.8290, Val:0.7840, Test: 0.8640, Time(s/epoch):0.1481
0.4733304977416992 0.4860337972640991 0.5026267170906067
Loss_clf:0.493 | Loss_dist:0.025 | Loss_kl:0.009
Adjusting learning rate of group 0 to 1.0000e-03.
Epoch: 038, Loss:0.5177 Train: 0.8405, Val:0.8000, Test: 0.8720, Time(s/epoch):0.1553
0.4484909474849701 0.433287113904953 0.4534965455532074
Loss_clf:0.453 | Loss_dist:0.025 | Loss_kl:0.007
Adjusting learning rate of group 0 to 1.0000e-03.
Epoch: 039, Loss:0.4778 Train: 0.8436, Val:0.7680, Test: 0.8720, Time(s/epoch):0.1582
0.4435057044029236 0.422791063785553 0.4321356415748596
Loss_clf:0.445 | Loss_dist:0.020 | Loss_kl:0.009
Adjusting learning rate of group 0 to 1.0000e-03.
Epoch: 040, Loss:0.4646 Train: 0.8415, Val:0.7200, Test: 0.8320, Time(s/epoch):0.1603
0.4223543405532837 0.424803763628006 0.43190300464630127
Loss_clf:0.435 | Loss_dist:0.017 | Loss_kl:0.009
Adjusting learning rate of group 0 to 1.0000e-03.
Epoch: 041, Loss:0.4514 Train: 0.8352, Val:0.7280, Test: 0.8480, Time(s/epoch):0.1612
0.4071636199951172 0.38201138377189636 0.3947508931159973
Loss_clf:0.408 | Loss_dist:0.015 | Loss_kl:0.010
Adjusting learning rate of group 0 to 1.0000e-03.
Epoch: 042, Loss:0.4229 Train: 0.7987, Val:0.7680, Test: 0.8800, Time(s/epoch):0.1604
0.3935987651348114 0.40087002515792847 0.38776010274887085
Loss_clf:0.403 | Loss_dist:0.015 | Loss_kl:0.009
Adjusting learning rate of group 0 to 1.0000e-03.
Epoch: 043, Loss:0.4183 Train: 0.7852, Val:0.7920, Test: 0.8960, Time(s/epoch):0.1606
0.36219143867492676 0.38182204961776733 0.3617149591445923
Loss_clf:0.379 | Loss_dist:0.016 | Loss_kl:0.012
Adjusting learning rate of group 0 to 1.0000e-03.
Epoch: 044, Loss:0.3948 Train: 0.8352, Val:0.7920, Test: 0.8960, Time(s/epoch):0.1610
0.3693152666091919 0.351448655128479 0.3380378782749176
Loss_clf:0.368 | Loss_dist:0.014 | Loss_kl:0.011
Adjusting learning rate of group 0 to 1.0000e-03.
Epoch: 045, Loss:0.3816 Train: 0.8707, Val:0.7920, Test: 0.8560, Time(s/epoch):0.1659
0.35070934891700745 0.3220466375350952 0.32968536019325256
Loss_clf:0.350 | Loss_dist:0.011 | Loss_kl:0.012
Adjusting learning rate of group 0 to 1.0000e-03.
Epoch: 046, Loss:0.3611 Train: 0.8822, Val:0.8000, Test: 0.8560, Time(s/epoch):0.1698
0.33209288120269775 0.30671626329421997 0.31027236580848694
Loss_clf:0.336 | Loss_dist:0.010 | Loss_kl:0.015
Adjusting learning rate of group 0 to 1.0000e-03.
Epoch: 047, Loss:0.3459 Train: 0.8863, Val:0.8320, Test: 0.8480, Time(s/epoch):0.1610
0.31376442313194275 0.29421406984329224 0.2801249921321869
Loss_clf:0.314 | Loss_dist:0.011 | Loss_kl:0.013
Adjusting learning rate of group 0 to 1.0000e-03.
Epoch: 048, Loss:0.3245 Train: 0.8874, Val:0.8320, Test: 0.8560, Time(s/epoch):0.1620
0.3072328567504883 0.2969358563423157 0.2869444191455841
Loss_clf:0.314 | Loss_dist:0.011 | Loss_kl:0.014
Adjusting learning rate of group 0 to 1.0000e-03.
Epoch: 049, Loss:0.3249 Train: 0.8822, Val:0.8320, Test: 0.8400, Time(s/epoch):0.1614
0.30237793922424316 0.2788722813129425 0.2746529281139374
Loss_clf:0.301 | Loss_dist:0.012 | Loss_kl:0.011
Adjusting learning rate of group 0 to 1.0000e-03.
Epoch: 050, Loss:0.3124 Train: 0.8759, Val:0.8560, Test: 0.8720, Time(s/epoch):0.1612
0.2858784794807434 0.2625516951084137 0.2619810402393341
Loss_clf:0.285 | Loss_dist:0.011 | Loss_kl:0.011
Adjusting learning rate of group 0 to 1.0000e-03.
Epoch: 051, Loss:0.2952 Train: 0.8895, Val:0.8640, Test: 0.8640, Time(s/epoch):0.1630
0.2652606964111328 0.26308006048202515 0.2596934139728546
Loss_clf:0.276 | Loss_dist:0.010 | Loss_kl:0.013
Adjusting learning rate of group 0 to 1.0000e-03.
Epoch: 052, Loss:0.2864 Train: 0.9218, Val:0.8560, Test: 0.8640, Time(s/epoch):0.1602
0.26697543263435364 0.2654927968978882 0.26149043440818787
Loss_clf:0.277 | Loss_dist:0.010 | Loss_kl:0.012
Adjusting learning rate of group 0 to 1.0000e-03.
Epoch: 053, Loss:0.2872 Train: 0.9249, Val:0.8480, Test: 0.8640, Time(s/epoch):0.1607
0.25928929448127747 0.2561771869659424 0.2504235804080963
Loss_clf:0.265 | Loss_dist:0.010 | Loss_kl:0.009
Adjusting learning rate of group 0 to 1.0000e-03.
Epoch: 054, Loss:0.2746 Train: 0.9155, Val:0.8320, Test: 0.8720, Time(s/epoch):0.1561
0.2370278537273407 0.24902771413326263 0.24769917130470276
Loss_clf:0.253 | Loss_dist:0.008 | Loss_kl:0.010
Adjusting learning rate of group 0 to 1.0000e-03.
Epoch: 055, Loss:0.2611 Train: 0.9135, Val:0.8160, Test: 0.8640, Time(s/epoch):0.1599
0.22939027845859528 0.24578875303268433 0.25276973843574524
Loss_clf:0.247 | Loss_dist:0.008 | Loss_kl:0.008
Adjusting learning rate of group 0 to 1.0000e-03.
Epoch: 056, Loss:0.2550 Train: 0.9072, Val:0.8160, Test: 0.8800, Time(s/epoch):0.1618
0.22070805728435516 0.255494624376297 0.2502518892288208
Loss_clf:0.248 | Loss_dist:0.007 | Loss_kl:0.011
Adjusting learning rate of group 0 to 1.0000e-03.
Epoch: 057, Loss:0.2551 Train: 0.9208, Val:0.8400, Test: 0.8800, Time(s/epoch):0.1615
0.2248554229736328 0.26542797684669495 0.2510983943939209
Loss_clf:0.252 | Loss_dist:0.007 | Loss_kl:0.010
Adjusting learning rate of group 0 to 1.0000e-03.
Epoch: 058, Loss:0.2589 Train: 0.8999, Val:0.8160, Test: 0.8880, Time(s/epoch):0.1624
0.19804173707962036 0.23993350565433502 0.2373402863740921
Loss_clf:0.226 | Loss_dist:0.006 | Loss_kl:0.008
Adjusting learning rate of group 0 to 1.0000e-03.
Epoch: 059, Loss:0.2323 Train: 0.8936, Val:0.8160, Test: 0.8800, Time(s/epoch):0.1609
0.1980878710746765 0.23095795512199402 0.23454248905181885
Loss_clf:0.224 | Loss_dist:0.005 | Loss_kl:0.009
Adjusting learning rate of group 0 to 1.0000e-03.
Epoch: 060, Loss:0.2292 Train: 0.9395, Val:0.8240, Test: 0.8640, Time(s/epoch):0.1622
0.18822070956230164 0.2350258231163025 0.2353639304637909
Loss_clf:0.222 | Loss_dist:0.006 | Loss_kl:0.011
Adjusting learning rate of group 0 to 1.0000e-03.
Epoch: 061, Loss:0.2280 Train: 0.9333, Val:0.8240, Test: 0.8640, Time(s/epoch):0.1550
0.18493874371051788 0.23803316056728363 0.24478992819786072
Loss_clf:0.224 | Loss_dist:0.005 | Loss_kl:0.011
Adjusting learning rate of group 0 to 1.0000e-03.
Epoch: 062, Loss:0.2294 Train: 0.8811, Val:0.8160, Test: 0.8800, Time(s/epoch):0.1579
0.18536362051963806 0.2477211058139801 0.24295324087142944
Loss_clf:0.229 | Loss_dist:0.005 | Loss_kl:0.014
Adjusting learning rate of group 0 to 1.0000e-03.
Epoch: 063, Loss:0.2339 Train: 0.9009, Val:0.8320, Test: 0.8720, Time(s/epoch):0.1572
0.1804792582988739 0.23011474311351776 0.2304672747850418
Loss_clf:0.214 | Loss_dist:0.005 | Loss_kl:0.009
Adjusting learning rate of group 0 to 1.0000e-03.
Epoch: 064, Loss:0.2190 Train: 0.9489, Val:0.8480, Test: 0.8640, Time(s/epoch):0.1556
0.19116967916488647 0.22902491688728333 0.2294597327709198
Loss_clf:0.219 | Loss_dist:0.005 | Loss_kl:0.009
Adjusting learning rate of group 0 to 1.0000e-03.
Epoch: 065, Loss:0.2246 Train: 0.8999, Val:0.8240, Test: 0.8720, Time(s/epoch):0.1601
0.18323494493961334 0.22727419435977936 0.2344576120376587
Loss_clf:0.214 | Loss_dist:0.004 | Loss_kl:0.007
Adjusting learning rate of group 0 to 1.0000e-03.
Epoch: 066, Loss:0.2188 Train: 0.9260, Val:0.8400, Test: 0.8720, Time(s/epoch):0.1582
0.16588672995567322 0.22403410077095032 0.2258668690919876
Loss_clf:0.203 | Loss_dist:0.004 | Loss_kl:0.007
Adjusting learning rate of group 0 to 1.0000e-03.
Epoch: 067, Loss:0.2071 Train: 0.9510, Val:0.8400, Test: 0.8720, Time(s/epoch):0.1490
0.18939076364040375 0.2175845205783844 0.21709424257278442
Loss_clf:0.212 | Loss_dist:0.004 | Loss_kl:0.009
Adjusting learning rate of group 0 to 1.0000e-03.
Epoch: 068, Loss:0.2166 Train: 0.8853, Val:0.8320, Test: 0.8720, Time(s/epoch):0.1578
0.16904956102371216 0.22424332797527313 0.228797048330307
Loss_clf:0.205 | Loss_dist:0.004 | Loss_kl:0.007
Adjusting learning rate of group 0 to 1.0000e-03.
Epoch: 069, Loss:0.2090 Train: 0.9030, Val:0.8320, Test: 0.8800, Time(s/epoch):0.1536
0.165872722864151 0.22577109932899475 0.22544768452644348
Loss_clf:0.202 | Loss_dist:0.004 | Loss_kl:0.007
Adjusting learning rate of group 0 to 1.0000e-03.
Epoch: 070, Loss:0.2061 Train: 0.9562, Val:0.8320, Test: 0.8880, Time(s/epoch):0.1587
0.17480772733688354 0.21391534805297852 0.22112685441970825
Loss_clf:0.204 | Loss_dist:0.004 | Loss_kl:0.008
Adjusting learning rate of group 0 to 1.0000e-03.
Epoch: 071, Loss:0.2078 Train: 0.9572, Val:0.8400, Test: 0.8800, Time(s/epoch):0.1605
0.15914328396320343 0.21575482189655304 0.21342475712299347
Loss_clf:0.194 | Loss_dist:0.003 | Loss_kl:0.007
Adjusting learning rate of group 0 to 1.0000e-03.
Epoch: 072, Loss:0.1971 Train: 0.9374, Val:0.8240, Test: 0.8640, Time(s/epoch):0.1589
0.16312475502490997 0.22105631232261658 0.21729424595832825
Loss_clf:0.198 | Loss_dist:0.002 | Loss_kl:0.006
Adjusting learning rate of group 0 to 1.0000e-03.
Epoch: 073, Loss:0.2000 Train: 0.9562, Val:0.8480, Test: 0.8800, Time(s/epoch):0.1604
0.1617664396762848 0.21827806532382965 0.21452458202838898
Loss_clf:0.197 | Loss_dist:0.003 | Loss_kl:0.008
Adjusting learning rate of group 0 to 1.0000e-03.
Epoch: 074, Loss:0.1999 Train: 0.9593, Val:0.8400, Test: 0.8720, Time(s/epoch):0.1604
0.1558549553155899 0.2084774225950241 0.2122938334941864
Loss_clf:0.189 | Loss_dist:0.003 | Loss_kl:0.006
Adjusting learning rate of group 0 to 1.0000e-03.
Epoch: 075, Loss:0.1918 Train: 0.9468, Val:0.8240, Test: 0.8720, Time(s/epoch):0.1591
0.16355286538600922 0.21470534801483154 0.20846550166606903
Loss_clf:0.195 | Loss_dist:0.002 | Loss_kl:0.007
Adjusting learning rate of group 0 to 1.0000e-03.
Epoch: 076, Loss:0.1970 Train: 0.9614, Val:0.8400, Test: 0.8800, Time(s/epoch):0.1594
0.15166820585727692 0.22426001727581024 0.2206735908985138
Loss_clf:0.193 | Loss_dist:0.002 | Loss_kl:0.006
Adjusting learning rate of group 0 to 1.0000e-03.
Epoch: 077, Loss:0.1952 Train: 0.9572, Val:0.8400, Test: 0.8720, Time(s/epoch):0.1464
0.15645243227481842 0.21415813267230988 0.2141275405883789
Loss_clf:0.191 | Loss_dist:0.002 | Loss_kl:0.006
Adjusting learning rate of group 0 to 1.0000e-03.
Epoch: 078, Loss:0.1934 Train: 0.9531, Val:0.8400, Test: 0.8720, Time(s/epoch):0.1559
0.1473371684551239 0.21632783114910126 0.21299566328525543
Loss_clf:0.188 | Loss_dist:0.001 | Loss_kl:0.007
Adjusting learning rate of group 0 to 1.0000e-03.
Epoch: 079, Loss:0.1892 Train: 0.9176, Val:0.8240, Test: 0.8880, Time(s/epoch):0.1585
0.14045996963977814 0.20730814337730408 0.20987211167812347
Loss_clf:0.180 | Loss_dist:0.002 | Loss_kl:0.005
Adjusting learning rate of group 0 to 1.0000e-03.
Epoch: 080, Loss:0.1812 Train: 0.9406, Val:0.8320, Test: 0.8880, Time(s/epoch):0.1597
0.15163928270339966 0.2037302404642105 0.20426452159881592
Loss_clf:0.184 | Loss_dist:0.002 | Loss_kl:0.006
Adjusting learning rate of group 0 to 1.0000e-03.
Epoch: 081, Loss:0.1855 Train: 0.9499, Val:0.8320, Test: 0.8880, Time(s/epoch):0.1581
0.15449953079223633 0.20627424120903015 0.21089230477809906
Loss_clf:0.187 | Loss_dist:0.002 | Loss_kl:0.005
Adjusting learning rate of group 0 to 1.0000e-03.
Epoch: 082, Loss:0.1892 Train: 0.9583, Val:0.8320, Test: 0.8880, Time(s/epoch):0.1598
0.14558084309101105 0.21218477189540863 0.2093002051115036
Loss_clf:0.183 | Loss_dist:0.002 | Loss_kl:0.005
Adjusting learning rate of group 0 to 1.0000e-03.
Epoch: 083, Loss:0.1850 Train: 0.9208, Val:0.8240, Test: 0.8880, Time(s/epoch):0.1479
0.1437244415283203 0.22075054049491882 0.21129339933395386
Loss_clf:0.185 | Loss_dist:0.001 | Loss_kl:0.005
Adjusting learning rate of group 0 to 1.0000e-03.
Epoch: 084, Loss:0.1862 Train: 0.9312, Val:0.8240, Test: 0.8800, Time(s/epoch):0.1580
0.15416499972343445 0.21972151100635529 0.21710991859436035
Loss_clf:0.192 | Loss_dist:0.001 | Loss_kl:0.006
Adjusting learning rate of group 0 to 1.0000e-03.
Epoch: 085, Loss:0.1930 Train: 0.9645, Val:0.8480, Test: 0.8720, Time(s/epoch):0.1609
0.15786120295524597 0.21216002106666565 0.21299585700035095
Loss_clf:0.191 | Loss_dist:0.001 | Loss_kl:0.005
Adjusting learning rate of group 0 to 1.0000e-03.
Epoch: 086, Loss:0.1918 Train: 0.9625, Val:0.8400, Test: 0.8720, Time(s/epoch):0.1577
0.14249838888645172 0.21376673877239227 0.21241265535354614
Loss_clf:0.183 | Loss_dist:0.001 | Loss_kl:0.005
Adjusting learning rate of group 0 to 1.0000e-03.
Epoch: 087, Loss:0.1838 Train: 0.9552, Val:0.8400, Test: 0.8720, Time(s/epoch):0.1599
0.1382092386484146 0.208324134349823 0.20885944366455078
Loss_clf:0.178 | Loss_dist:0.001 | Loss_kl:0.005
Adjusting learning rate of group 0 to 1.0000e-03.
Epoch: 088, Loss:0.1795 Train: 0.9520, Val:0.8320, Test: 0.8800, Time(s/epoch):0.1585
0.14637748897075653 0.20527824759483337 0.21054179966449738
Loss_clf:0.182 | Loss_dist:0.001 | Loss_kl:0.005
Adjusting learning rate of group 0 to 1.0000e-03.
Epoch: 089, Loss:0.1829 Train: 0.9625, Val:0.8400, Test: 0.8800, Time(s/epoch):0.1605
0.145273819565773 0.20841972529888153 0.20657940208911896
Loss_clf:0.181 | Loss_dist:0.001 | Loss_kl:0.005
Adjusting learning rate of group 0 to 1.0000e-03.
Epoch: 090, Loss:0.1826 Train: 0.9635, Val:0.8400, Test: 0.8800, Time(s/epoch):0.1606
0.14028726518154144 0.20836281776428223 0.20646604895591736
Loss_clf:0.178 | Loss_dist:0.001 | Loss_kl:0.004
Adjusting learning rate of group 0 to 1.0000e-03.
Epoch: 091, Loss:0.1791 Train: 0.9562, Val:0.8320, Test: 0.8880, Time(s/epoch):0.1607
0.15358655154705048 0.2062607854604721 0.20626980066299438
Loss_clf:0.187 | Loss_dist:0.001 | Loss_kl:0.007
Adjusting learning rate of group 0 to 1.0000e-03.
Epoch: 092, Loss:0.1877 Train: 0.9593, Val:0.8320, Test: 0.8880, Time(s/epoch):0.1570
0.13380329310894012 0.19815543293952942 0.19628161191940308
Loss_clf:0.170 | Loss_dist:0.001 | Loss_kl:0.005
Adjusting learning rate of group 0 to 1.0000e-03.
Epoch: 093, Loss:0.1709 Train: 0.9552, Val:0.8320, Test: 0.8800, Time(s/epoch):0.1594
0.1374627649784088 0.19992323219776154 0.20293165743350983
Loss_clf:0.174 | Loss_dist:0.001 | Loss_kl:0.005
Adjusting learning rate of group 0 to 1.0000e-03.
Epoch: 094, Loss:0.1751 Train: 0.9572, Val:0.8640, Test: 0.8720, Time(s/epoch):0.1615
0.15893080830574036 0.1965685486793518 0.19982227683067322
Loss_clf:0.183 | Loss_dist:0.001 | Loss_kl:0.004
Adjusting learning rate of group 0 to 1.0000e-03.
Epoch: 095, Loss:0.1844 Train: 0.8405, Val:0.8240, Test: 0.8720, Time(s/epoch):0.1576
0.17049100995063782 0.21337522566318512 0.21279098093509674
Loss_clf:0.196 | Loss_dist:0.002 | Loss_kl:0.004
Adjusting learning rate of group 0 to 1.0000e-03.
Epoch: 096, Loss:0.1975 Train: 0.9364, Val:0.8640, Test: 0.8640, Time(s/epoch):0.1583
0.17893080413341522 0.21499644219875336 0.21494776010513306
Loss_clf:0.205 | Loss_dist:0.002 | Loss_kl:0.009
Adjusting learning rate of group 0 to 1.0000e-03.
Epoch: 097, Loss:0.2075 Train: 0.9656, Val:0.8480, Test: 0.8720, Time(s/epoch):0.1611
0.13831284642219543 0.19836802780628204 0.20164938271045685
Loss_clf:0.174 | Loss_dist:0.001 | Loss_kl:0.005
Adjusting learning rate of group 0 to 1.0000e-03.
Epoch: 098, Loss:0.1752 Train: 0.8895, Val:0.8400, Test: 0.8720, Time(s/epoch):0.1619
0.1512966752052307 0.20400522649288177 0.1984221488237381
Loss_clf:0.181 | Loss_dist:0.003 | Loss_kl:0.005
Adjusting learning rate of group 0 to 1.0000e-03.
Epoch: 099, Loss:0.1838 Train: 0.9625, Val:0.8400, Test: 0.8960, Time(s/epoch):0.1577
0.13829287886619568 0.2052357941865921 0.20877976715564728
Loss_clf:0.179 | Loss_dist:0.003 | Loss_kl:0.007
Adjusting learning rate of group 0 to 1.0000e-04.
Epoch: 100, Loss:0.1818 Train: 0.9447, Val:0.8240, Test: 0.8960, Time(s/epoch):0.1626
0.15246735513210297 0.20174115896224976 0.20208066701889038
Loss_clf:0.184 | Loss_dist:0.004 | Loss_kl:0.007
Adjusting learning rate of group 0 to 1.0000e-04.
Epoch: 101, Loss:0.1880 Train: 0.9510, Val:0.8240, Test: 0.8960, Time(s/epoch):0.1615
0.14496596157550812 0.202407106757164 0.20446282625198364
Loss_clf:0.179 | Loss_dist:0.004 | Loss_kl:0.005
Adjusting learning rate of group 0 to 1.0000e-04.
Epoch: 102, Loss:0.1828 Train: 0.9583, Val:0.8320, Test: 0.8960, Time(s/epoch):0.1664
0.1535950005054474 0.20878787338733673 0.2099674791097641
Loss_clf:0.187 | Loss_dist:0.003 | Loss_kl:0.006
Adjusting learning rate of group 0 to 1.0000e-04.
Epoch: 103, Loss:0.1900 Train: 0.9635, Val:0.8400, Test: 0.8960, Time(s/epoch):0.1636
0.14578628540039062 0.1965920627117157 0.20082253217697144
Loss_clf:0.178 | Loss_dist:0.002 | Loss_kl:0.005
Adjusting learning rate of group 0 to 1.0000e-04.
Epoch: 104, Loss:0.1801 Train: 0.9531, Val:0.8480, Test: 0.8960, Time(s/epoch):0.1667
0.13400477170944214 0.19136901199817657 0.19222497940063477
Loss_clf:0.167 | Loss_dist:0.002 | Loss_kl:0.004
Adjusting learning rate of group 0 to 1.0000e-04.
Epoch: 105, Loss:0.1692 Train: 0.9208, Val:0.8480, Test: 0.8880, Time(s/epoch):0.1637
0.140677809715271 0.20430657267570496 0.20820531249046326
Loss_clf:0.177 | Loss_dist:0.002 | Loss_kl:0.004
Adjusting learning rate of group 0 to 1.0000e-04.
Epoch: 106, Loss:0.1792 Train: 0.8947, Val:0.8480, Test: 0.8720, Time(s/epoch):0.1588
0.14261406660079956 0.20000310242176056 0.19931179285049438
Loss_clf:0.175 | Loss_dist:0.002 | Loss_kl:0.004
Adjusting learning rate of group 0 to 1.0000e-04.
Epoch: 107, Loss:0.1771 Train: 0.8853, Val:0.8400, Test: 0.8720, Time(s/epoch):0.1587
0.15554018318653107 0.2092958688735962 0.2079012095928192
Loss_clf:0.187 | Loss_dist:0.002 | Loss_kl:0.004
Adjusting learning rate of group 0 to 1.0000e-04.
Epoch: 108, Loss:0.1884 Train: 0.8968, Val:0.8480, Test: 0.8720, Time(s/epoch):0.1587
0.14469505846500397 0.1992896944284439 0.20196722447872162
Loss_clf:0.177 | Loss_dist:0.002 | Loss_kl:0.004
Adjusting learning rate of group 0 to 1.0000e-04.
Epoch: 109, Loss:0.1783 Train: 0.9239, Val:0.8400, Test: 0.8800, Time(s/epoch):0.1598
0.14465747773647308 0.19769319891929626 0.19984719157218933
Loss_clf:0.175 | Loss_dist:0.001 | Loss_kl:0.004
Adjusting learning rate of group 0 to 1.0000e-04.
Epoch: 110, Loss:0.1766 Train: 0.9583, Val:0.8400, Test: 0.8960, Time(s/epoch):0.1600
0.13690876960754395 0.20867076516151428 0.20994719862937927
Loss_clf:0.177 | Loss_dist:0.001 | Loss_kl:0.004
Adjusting learning rate of group 0 to 1.0000e-04.
Epoch: 111, Loss:0.1781 Train: 0.9656, Val:0.8400, Test: 0.8960, Time(s/epoch):0.1572
0.1339028775691986 0.20548352599143982 0.2082437127828598
Loss_clf:0.174 | Loss_dist:0.001 | Loss_kl:0.004
Adjusting learning rate of group 0 to 1.0000e-04.
Epoch: 112, Loss:0.1755 Train: 0.9645, Val:0.8400, Test: 0.8960, Time(s/epoch):0.1607
0.13173499703407288 0.19757376611232758 0.19887182116508484
Loss_clf:0.169 | Loss_dist:0.001 | Loss_kl:0.004
Adjusting learning rate of group 0 to 1.0000e-04.
Epoch: 113, Loss:0.1701 Train: 0.9604, Val:0.8400, Test: 0.8960, Time(s/epoch):0.1596
0.1507055014371872 0.20536577701568604 0.20667211711406708
Loss_clf:0.183 | Loss_dist:0.001 | Loss_kl:0.004
Adjusting learning rate of group 0 to 1.0000e-04.
Epoch: 114, Loss:0.1841 Train: 0.9583, Val:0.8480, Test: 0.8960, Time(s/epoch):0.1621
0.1420188993215561 0.1908603012561798 0.19230860471725464
Loss_clf:0.171 | Loss_dist:0.001 | Loss_kl:0.004
Adjusting learning rate of group 0 to 1.0000e-04.
Epoch: 115, Loss:0.1724 Train: 0.9604, Val:0.8480, Test: 0.8960, Time(s/epoch):0.1631
0.14086642861366272 0.19653475284576416 0.19744417071342468
Loss_clf:0.173 | Loss_dist:0.001 | Loss_kl:0.004
Adjusting learning rate of group 0 to 1.0000e-04.
Epoch: 116, Loss:0.1742 Train: 0.9614, Val:0.8400, Test: 0.8880, Time(s/epoch):0.1638
0.14069907367229462 0.20338985323905945 0.20118378102779388
Loss_clf:0.175 | Loss_dist:0.001 | Loss_kl:0.004
Adjusting learning rate of group 0 to 1.0000e-04.
Epoch: 117, Loss:0.1762 Train: 0.9687, Val:0.8400, Test: 0.8880, Time(s/epoch):0.1627
0.14263644814491272 0.19880755245685577 0.19899794459342957
Loss_clf:0.174 | Loss_dist:0.001 | Loss_kl:0.003
Adjusting learning rate of group 0 to 1.0000e-04.
Epoch: 118, Loss:0.1749 Train: 0.9666, Val:0.8400, Test: 0.8880, Time(s/epoch):0.1635
0.136966273188591 0.21538132429122925 0.21300792694091797
Loss_clf:0.180 | Loss_dist:0.001 | Loss_kl:0.004
Adjusting learning rate of group 0 to 1.0000e-04.
Epoch: 119, Loss:0.1802 Train: 0.9645, Val:0.8400, Test: 0.8960, Time(s/epoch):0.1619
0.1319025605916977 0.19102312624454498 0.19516155123710632
Loss_clf:0.166 | Loss_dist:0.001 | Loss_kl:0.004
Adjusting learning rate of group 0 to 1.0000e-04.
Epoch: 120, Loss:0.1668 Train: 0.9593, Val:0.8320, Test: 0.8960, Time(s/epoch):0.1631
0.1407284289598465 0.20376859605312347 0.20182135701179504
Loss_clf:0.175 | Loss_dist:0.001 | Loss_kl:0.004
Adjusting learning rate of group 0 to 1.0000e-04.
Epoch: 121, Loss:0.1759 Train: 0.9572, Val:0.8320, Test: 0.8960, Time(s/epoch):0.1572
0.13422194123268127 0.19712163507938385 0.19584107398986816
Loss_clf:0.168 | Loss_dist:0.001 | Loss_kl:0.003
Adjusting learning rate of group 0 to 1.0000e-04.
Epoch: 122, Loss:0.1690 Train: 0.9604, Val:0.8320, Test: 0.8960, Time(s/epoch):0.1617
0.13274617493152618 0.1941734403371811 0.1939992606639862
Loss_clf:0.167 | Loss_dist:0.001 | Loss_kl:0.003
Adjusting learning rate of group 0 to 1.0000e-04.
Epoch: 123, Loss:0.1674 Train: 0.9656, Val:0.8320, Test: 0.8960, Time(s/epoch):0.1609
0.12882569432258606 0.20000508427619934 0.19855204224586487
Loss_clf:0.167 | Loss_dist:0.001 | Loss_kl:0.003
Adjusting learning rate of group 0 to 1.0000e-04.
Epoch: 124, Loss:0.1679 Train: 0.9666, Val:0.8400, Test: 0.8960, Time(s/epoch):0.1600
0.13448067009449005 0.20509029924869537 0.20167161524295807
Loss_clf:0.173 | Loss_dist:0.001 | Loss_kl:0.004
Adjusting learning rate of group 0 to 1.0000e-04.
Epoch: 125, Loss:0.1732 Train: 0.9698, Val:0.8400, Test: 0.8960, Time(s/epoch):0.1607
0.1369514912366867 0.19922097027301788 0.19939446449279785
Loss_clf:0.171 | Loss_dist:0.001 | Loss_kl:0.003
Adjusting learning rate of group 0 to 1.0000e-04.
Epoch: 126, Loss:0.1720 Train: 0.9677, Val:0.8400, Test: 0.8960, Time(s/epoch):0.1617
0.13724589347839355 0.20382264256477356 0.20188505947589874
Loss_clf:0.174 | Loss_dist:0.001 | Loss_kl:0.004
Adjusting learning rate of group 0 to 1.0000e-04.
Epoch: 127, Loss:0.1744 Train: 0.9666, Val:0.8400, Test: 0.8960, Time(s/epoch):0.1609
0.13648970425128937 0.19525682926177979 0.19659008085727692
Loss_clf:0.170 | Loss_dist:0.001 | Loss_kl:0.004
Adjusting learning rate of group 0 to 1.0000e-04.
Epoch: 128, Loss:0.1708 Train: 0.9666, Val:0.8400, Test: 0.8960, Time(s/epoch):0.1632
0.1331981122493744 0.20416736602783203 0.20409758388996124
Loss_clf:0.172 | Loss_dist:0.001 | Loss_kl:0.003
Adjusting learning rate of group 0 to 1.0000e-04.
Epoch: 129, Loss:0.1728 Train: 0.9677, Val:0.8400, Test: 0.8960, Time(s/epoch):0.1621
0.12859688699245453 0.20243100821971893 0.19869914650917053
Loss_clf:0.169 | Loss_dist:0.001 | Loss_kl:0.004
Adjusting learning rate of group 0 to 1.0000e-04.
Epoch: 130, Loss:0.1692 Train: 0.9698, Val:0.8400, Test: 0.8960, Time(s/epoch):0.1635
0.13646112382411957 0.1961503028869629 0.1939857453107834
Loss_clf:0.169 | Loss_dist:0.001 | Loss_kl:0.004
Adjusting learning rate of group 0 to 1.0000e-04.
Epoch: 131, Loss:0.1699 Train: 0.9677, Val:0.8400, Test: 0.8960, Time(s/epoch):0.1639
0.13153263926506042 0.18993926048278809 0.19377043843269348
Loss_clf:0.166 | Loss_dist:0.000 | Loss_kl:0.004
Adjusting learning rate of group 0 to 1.0000e-04.
Epoch: 132, Loss:0.1665 Train: 0.9656, Val:0.8400, Test: 0.8960, Time(s/epoch):0.1614
0.1316240131855011 0.19581158459186554 0.20038489997386932
Loss_clf:0.168 | Loss_dist:0.000 | Loss_kl:0.003
Adjusting learning rate of group 0 to 1.0000e-04.
Epoch: 133, Loss:0.1686 Train: 0.9635, Val:0.8400, Test: 0.8960, Time(s/epoch):0.1591
0.13278314471244812 0.19446896016597748 0.19753549993038177
Loss_clf:0.168 | Loss_dist:0.000 | Loss_kl:0.003
Adjusting learning rate of group 0 to 1.0000e-04.
Epoch: 134, Loss:0.1682 Train: 0.9625, Val:0.8400, Test: 0.8960, Time(s/epoch):0.1621
0.1337040513753891 0.19932755827903748 0.19957749545574188
Loss_clf:0.171 | Loss_dist:0.000 | Loss_kl:0.004
Adjusting learning rate of group 0 to 1.0000e-04.
Epoch: 135, Loss:0.1711 Train: 0.9635, Val:0.8400, Test: 0.8960, Time(s/epoch):0.1607
0.13126446306705475 0.19888222217559814 0.20140571892261505
Loss_clf:0.170 | Loss_dist:0.000 | Loss_kl:0.004
Adjusting learning rate of group 0 to 1.0000e-04.
Epoch: 136, Loss:0.1704 Train: 0.9666, Val:0.8400, Test: 0.8960, Time(s/epoch):0.1589
0.1335592120885849 0.19295524060726166 0.19209638237953186
Loss_clf:0.167 | Loss_dist:0.000 | Loss_kl:0.004
Adjusting learning rate of group 0 to 1.0000e-04.
Epoch: 137, Loss:0.1672 Train: 0.9677, Val:0.8400, Test: 0.8960, Time(s/epoch):0.1595
0.12664708495140076 0.19933559000492096 0.19631251692771912
Loss_clf:0.166 | Loss_dist:0.000 | Loss_kl:0.004
Adjusting learning rate of group 0 to 1.0000e-04.
Epoch: 138, Loss:0.1664 Train: 0.9677, Val:0.8400, Test: 0.8960, Time(s/epoch):0.1619
0.1300501525402069 0.18991144001483917 0.19015902280807495
Loss_clf:0.164 | Loss_dist:0.000 | Loss_kl:0.004
Adjusting learning rate of group 0 to 1.0000e-04.
Epoch: 139, Loss:0.1640 Train: 0.9698, Val:0.8400, Test: 0.8960, Time(s/epoch):0.1623
0.13331666588783264 0.19715407490730286 0.19429819285869598
Loss_clf:0.168 | Loss_dist:0.000 | Loss_kl:0.004
Adjusting learning rate of group 0 to 1.0000e-04.
Epoch: 140, Loss:0.1687 Train: 0.9698, Val:0.8400, Test: 0.8960, Time(s/epoch):0.1608
0.1360091269016266 0.21007810533046722 0.20919863879680634
Loss_clf:0.177 | Loss_dist:0.000 | Loss_kl:0.004
Adjusting learning rate of group 0 to 1.0000e-04.
Epoch: 141, Loss:0.1773 Train: 0.9698, Val:0.8400, Test: 0.8960, Time(s/epoch):0.1689
0.13249626755714417 0.19351954758167267 0.19213832914829254
Loss_clf:0.166 | Loss_dist:0.000 | Loss_kl:0.003
Adjusting learning rate of group 0 to 1.0000e-04.
Epoch: 142, Loss:0.1664 Train: 0.9698, Val:0.8400, Test: 0.8960, Time(s/epoch):0.1696
0.12524336576461792 0.19457605481147766 0.1970602124929428
Loss_clf:0.164 | Loss_dist:0.000 | Loss_kl:0.004
Adjusting learning rate of group 0 to 1.0000e-04.
Epoch: 143, Loss:0.1645 Train: 0.9698, Val:0.8400, Test: 0.8880, Time(s/epoch):0.1658
0.1270415335893631 0.19680041074752808 0.20016011595726013
Loss_clf:0.167 | Loss_dist:0.000 | Loss_kl:0.004
Adjusting learning rate of group 0 to 1.0000e-04.
Epoch: 144, Loss:0.1668 Train: 0.9698, Val:0.8400, Test: 0.8880, Time(s/epoch):0.1718
0.1290110945701599 0.20389032363891602 0.1988227814435959
Loss_clf:0.169 | Loss_dist:0.000 | Loss_kl:0.004
Adjusting learning rate of group 0 to 1.0000e-04.
Epoch: 145, Loss:0.1690 Train: 0.9687, Val:0.8400, Test: 0.8880, Time(s/epoch):0.1725
0.13164085149765015 0.19485177099704742 0.1955072581768036
Loss_clf:0.167 | Loss_dist:0.000 | Loss_kl:0.004
Adjusting learning rate of group 0 to 1.0000e-04.
Epoch: 146, Loss:0.1672 Train: 0.9677, Val:0.8400, Test: 0.8880, Time(s/epoch):0.1721
0.13557349145412445 0.18911026418209076 0.19212542474269867
Loss_clf:0.167 | Loss_dist:0.000 | Loss_kl:0.003
Adjusting learning rate of group 0 to 1.0000e-04.
Epoch: 147, Loss:0.1667 Train: 0.9677, Val:0.8400, Test: 0.8880, Time(s/epoch):0.1686
0.1270800083875656 0.20081323385238647 0.19899584352970123
Loss_clf:0.167 | Loss_dist:0.000 | Loss_kl:0.004
Adjusting learning rate of group 0 to 1.0000e-04.
Epoch: 148, Loss:0.1674 Train: 0.9677, Val:0.8400, Test: 0.8880, Time(s/epoch):0.1667
0.13423028588294983 0.19243623316287994 0.19420942664146423
Loss_clf:0.167 | Loss_dist:0.000 | Loss_kl:0.003
Adjusting learning rate of group 0 to 1.0000e-04.
Epoch: 149, Loss:0.1674 Train: 0.9677, Val:0.8400, Test: 0.8880, Time(s/epoch):0.1701
0.1320687085390091 0.1989850401878357 0.20066936314105988
Loss_clf:0.169 | Loss_dist:0.000 | Loss_kl:0.003
Adjusting learning rate of group 0 to 1.0000e-04.
Epoch: 150, Loss:0.1697 Train: 0.9687, Val:0.8400, Test: 0.8880, Time(s/epoch):0.1656
0.13598473370075226 0.19653122127056122 0.19377747178077698
Loss_clf:0.169 | Loss_dist:0.000 | Loss_kl:0.004
Adjusting learning rate of group 0 to 1.0000e-04.
Epoch: 151, Loss:0.1693 Train: 0.9708, Val:0.8400, Test: 0.8880, Time(s/epoch):0.1626
0.12769725918769836 0.20251810550689697 0.20060965418815613
Loss_clf:0.168 | Loss_dist:0.000 | Loss_kl:0.004
Adjusting learning rate of group 0 to 1.0000e-04.
Epoch: 152, Loss:0.1685 Train: 0.9698, Val:0.8400, Test: 0.8880, Time(s/epoch):0.1694
0.13046346604824066 0.19835451245307922 0.1999095380306244
Loss_clf:0.168 | Loss_dist:0.000 | Loss_kl:0.004
Adjusting learning rate of group 0 to 1.0000e-04.
Epoch: 153, Loss:0.1688 Train: 0.9698, Val:0.8400, Test: 0.8880, Time(s/epoch):0.1697
0.1295907199382782 0.2013746052980423 0.20165520906448364
Loss_clf:0.169 | Loss_dist:0.000 | Loss_kl:0.003
Adjusting learning rate of group 0 to 1.0000e-04.
Epoch: 154, Loss:0.1691 Train: 0.9698, Val:0.8400, Test: 0.8880, Time(s/epoch):0.1700
0.12706789374351501 0.19125401973724365 0.19216248393058777
Loss_clf:0.163 | Loss_dist:0.000 | Loss_kl:0.004
Adjusting learning rate of group 0 to 1.0000e-04.
Epoch: 155, Loss:0.1634 Train: 0.9698, Val:0.8400, Test: 0.8880, Time(s/epoch):0.1753
0.13451974093914032 0.20114444196224213 0.20226851105690002
Loss_clf:0.171 | Loss_dist:0.000 | Loss_kl:0.003
Adjusting learning rate of group 0 to 1.0000e-04.
Epoch: 156, Loss:0.1716 Train: 0.9698, Val:0.8400, Test: 0.8880, Time(s/epoch):0.1656
0.1310557723045349 0.193292036652565 0.193049356341362
Loss_clf:0.166 | Loss_dist:0.000 | Loss_kl:0.004
Adjusting learning rate of group 0 to 1.0000e-04.
Epoch: 157, Loss:0.1660 Train: 0.9708, Val:0.8400, Test: 0.8880, Time(s/epoch):0.1571
0.13850915431976318 0.20790475606918335 0.20634575188159943
Loss_clf:0.176 | Loss_dist:0.000 | Loss_kl:0.003
Adjusting learning rate of group 0 to 1.0000e-04.
Epoch: 158, Loss:0.1763 Train: 0.9687, Val:0.8400, Test: 0.8880, Time(s/epoch):0.1604
0.13004149496555328 0.19652222096920013 0.19686712324619293
Loss_clf:0.167 | Loss_dist:0.000 | Loss_kl:0.004
Adjusting learning rate of group 0 to 1.0000e-04.
Epoch: 159, Loss:0.1677 Train: 0.9687, Val:0.8400, Test: 0.8880, Time(s/epoch):0.1604
0.13206033408641815 0.19520294666290283 0.19886067509651184
Loss_clf:0.168 | Loss_dist:0.000 | Loss_kl:0.003
Adjusting learning rate of group 0 to 1.0000e-04.
Epoch: 160, Loss:0.1680 Train: 0.9687, Val:0.8400, Test: 0.8960, Time(s/epoch):0.1613
0.12752091884613037 0.19747619330883026 0.19989490509033203
Loss_clf:0.166 | Loss_dist:0.000 | Loss_kl:0.003
Adjusting learning rate of group 0 to 1.0000e-04.
Epoch: 161, Loss:0.1667 Train: 0.9687, Val:0.8400, Test: 0.8960, Time(s/epoch):0.1602
0.1327410340309143 0.18323908746242523 0.19074119627475739
Loss_clf:0.163 | Loss_dist:0.000 | Loss_kl:0.003
Adjusting learning rate of group 0 to 1.0000e-04.
Epoch: 162, Loss:0.1635 Train: 0.9698, Val:0.8400, Test: 0.8960, Time(s/epoch):0.1629
0.12938107550144196 0.18788932263851166 0.19057919085025787
Loss_clf:0.162 | Loss_dist:0.000 | Loss_kl:0.003
Adjusting learning rate of group 0 to 1.0000e-04.
Epoch: 163, Loss:0.1627 Train: 0.9698, Val:0.8400, Test: 0.8960, Time(s/epoch):0.1605
0.13853369653224945 0.20685912668704987 0.20351001620292664
Loss_clf:0.175 | Loss_dist:0.000 | Loss_kl:0.003
Adjusting learning rate of group 0 to 1.0000e-04.
Epoch: 164, Loss:0.1754 Train: 0.9698, Val:0.8400, Test: 0.8880, Time(s/epoch):0.1611
0.139587864279747 0.19786089658737183 0.20189997553825378
Loss_clf:0.174 | Loss_dist:0.000 | Loss_kl:0.004
Adjusting learning rate of group 0 to 1.0000e-04.
Epoch: 165, Loss:0.1739 Train: 0.9698, Val:0.8400, Test: 0.8880, Time(s/epoch):0.1607
0.12675996124744415 0.20941433310508728 0.20937399566173553
Loss_clf:0.171 | Loss_dist:0.000 | Loss_kl:0.003
Adjusting learning rate of group 0 to 1.0000e-04.
Epoch: 166, Loss:0.1716 Train: 0.9708, Val:0.8400, Test: 0.8880, Time(s/epoch):0.1634
0.13638019561767578 0.1904543936252594 0.1907314509153366
Loss_clf:0.167 | Loss_dist:0.000 | Loss_kl:0.004
Adjusting learning rate of group 0 to 1.0000e-04.
Epoch: 167, Loss:0.1674 Train: 0.9687, Val:0.8400, Test: 0.8880, Time(s/epoch):0.1598
0.13029754161834717 0.2080366313457489 0.20645232498645782
Loss_clf:0.172 | Loss_dist:0.000 | Loss_kl:0.003
Adjusting learning rate of group 0 to 1.0000e-04.
Epoch: 168, Loss:0.1723 Train: 0.9677, Val:0.8400, Test: 0.8880, Time(s/epoch):0.1617
0.13512612879276276 0.19551639258861542 0.19618931412696838
Loss_clf:0.169 | Loss_dist:0.000 | Loss_kl:0.004
Adjusting learning rate of group 0 to 1.0000e-04.
Epoch: 169, Loss:0.1696 Train: 0.9677, Val:0.8400, Test: 0.8880, Time(s/epoch):0.1658
0.12657389044761658 0.19084423780441284 0.19525669515132904
Loss_clf:0.163 | Loss_dist:0.000 | Loss_kl:0.003
Adjusting learning rate of group 0 to 1.0000e-04.
Epoch: 170, Loss:0.1633 Train: 0.9687, Val:0.8400, Test: 0.8880, Time(s/epoch):0.1633
0.13013437390327454 0.197311133146286 0.19745934009552002
Loss_clf:0.167 | Loss_dist:0.000 | Loss_kl:0.003
Adjusting learning rate of group 0 to 1.0000e-04.
Epoch: 171, Loss:0.1670 Train: 0.9698, Val:0.8400, Test: 0.8880, Time(s/epoch):0.1610
0.12974554300308228 0.1966535449028015 0.19883336126804352
Loss_clf:0.167 | Loss_dist:0.000 | Loss_kl:0.003
Adjusting learning rate of group 0 to 1.0000e-04.
Epoch: 172, Loss:0.1673 Train: 0.9687, Val:0.8400, Test: 0.8800, Time(s/epoch):0.1636
0.13897666335105896 0.19163896143436432 0.1916060745716095
Loss_clf:0.169 | Loss_dist:0.000 | Loss_kl:0.004
Adjusting learning rate of group 0 to 1.0000e-04.
Epoch: 173, Loss:0.1695 Train: 0.9666, Val:0.8400, Test: 0.8800, Time(s/epoch):0.1601
0.1276138424873352 0.19286519289016724 0.19014495611190796
Loss_clf:0.163 | Loss_dist:0.000 | Loss_kl:0.004
Adjusting learning rate of group 0 to 1.0000e-04.
Epoch: 174, Loss:0.1637 Train: 0.9698, Val:0.8400, Test: 0.8800, Time(s/epoch):0.1630
0.14154553413391113 0.20299728214740753 0.20259903371334076
Loss_clf:0.176 | Loss_dist:0.000 | Loss_kl:0.004
Adjusting learning rate of group 0 to 1.0000e-04.
Epoch: 175, Loss:0.1761 Train: 0.9698, Val:0.8400, Test: 0.8880, Time(s/epoch):0.1607
0.12830808758735657 0.19133251905441284 0.19039221107959747
Loss_clf:0.163 | Loss_dist:0.000 | Loss_kl:0.004
Adjusting learning rate of group 0 to 1.0000e-04.
Epoch: 176, Loss:0.1635 Train: 0.9687, Val:0.8400, Test: 0.8880, Time(s/epoch):0.1547
0.12535203993320465 0.20109297335147858 0.1963871717453003
Loss_clf:0.166 | Loss_dist:0.000 | Loss_kl:0.004
Adjusting learning rate of group 0 to 1.0000e-04.
Epoch: 177, Loss:0.1660 Train: 0.9677, Val:0.8400, Test: 0.8880, Time(s/epoch):0.1581
0.12754011154174805 0.19026866555213928 0.19447778165340424
Loss_clf:0.163 | Loss_dist:0.000 | Loss_kl:0.003
Adjusting learning rate of group 0 to 1.0000e-04.
Epoch: 178, Loss:0.1630 Train: 0.9687, Val:0.8400, Test: 0.8880, Time(s/epoch):0.1626
0.13677316904067993 0.1893918663263321 0.19632646441459656
Loss_clf:0.168 | Loss_dist:0.000 | Loss_kl:0.003
Adjusting learning rate of group 0 to 1.0000e-04.
Epoch: 179, Loss:0.1682 Train: 0.9687, Val:0.8400, Test: 0.8880, Time(s/epoch):0.1591
0.13913340866565704 0.19609452784061432 0.1993425488471985
Loss_clf:0.172 | Loss_dist:0.000 | Loss_kl:0.004
Adjusting learning rate of group 0 to 1.0000e-04.
Epoch: 180, Loss:0.1724 Train: 0.9698, Val:0.8400, Test: 0.8960, Time(s/epoch):0.1606
0.12919606268405914 0.18767324090003967 0.1924465149641037
Loss_clf:0.163 | Loss_dist:0.000 | Loss_kl:0.003
Adjusting learning rate of group 0 to 1.0000e-04.
Epoch: 181, Loss:0.1631 Train: 0.9698, Val:0.8400, Test: 0.8960, Time(s/epoch):0.1604
0.13084204494953156 0.20417164266109467 0.20279501378536224
Loss_clf:0.171 | Loss_dist:0.000 | Loss_kl:0.004
Adjusting learning rate of group 0 to 1.0000e-04.
Epoch: 182, Loss:0.1714 Train: 0.9698, Val:0.8400, Test: 0.8960, Time(s/epoch):0.1632
0.1255815476179123 0.19779810309410095 0.19887547194957733
Loss_clf:0.166 | Loss_dist:0.000 | Loss_kl:0.004
Adjusting learning rate of group 0 to 1.0000e-04.
Epoch: 183, Loss:0.1657 Train: 0.9698, Val:0.8400, Test: 0.8960, Time(s/epoch):0.1627
0.13650742173194885 0.19714315235614777 0.19383034110069275
Loss_clf:0.170 | Loss_dist:0.000 | Loss_kl:0.004
Adjusting learning rate of group 0 to 1.0000e-04.
Epoch: 184, Loss:0.1698 Train: 0.9677, Val:0.8400, Test: 0.8960, Time(s/epoch):0.1607
0.12831473350524902 0.19800600409507751 0.19893135130405426
Loss_clf:0.167 | Loss_dist:0.000 | Loss_kl:0.004
Adjusting learning rate of group 0 to 1.0000e-04.
Epoch: 185, Loss:0.1673 Train: 0.9677, Val:0.8400, Test: 0.8960, Time(s/epoch):0.1584
0.131525456905365 0.1936594843864441 0.19065245985984802
Loss_clf:0.165 | Loss_dist:0.000 | Loss_kl:0.003
Adjusting learning rate of group 0 to 1.0000e-04.
Epoch: 186, Loss:0.1651 Train: 0.9687, Val:0.8400, Test: 0.8960, Time(s/epoch):0.1562
0.13228052854537964 0.19806937873363495 0.19974982738494873
Loss_clf:0.169 | Loss_dist:0.000 | Loss_kl:0.004
Adjusting learning rate of group 0 to 1.0000e-04.
Epoch: 187, Loss:0.1694 Train: 0.9698, Val:0.8400, Test: 0.8960, Time(s/epoch):0.1637
0.13164405524730682 0.19720186293125153 0.19550587236881256
Loss_clf:0.167 | Loss_dist:0.000 | Loss_kl:0.003
Adjusting learning rate of group 0 to 1.0000e-04.
Epoch: 188, Loss:0.1676 Train: 0.9698, Val:0.8400, Test: 0.8960, Time(s/epoch):0.1597
0.12370013445615768 0.20026002824306488 0.1958005726337433
Loss_clf:0.164 | Loss_dist:0.000 | Loss_kl:0.003
Adjusting learning rate of group 0 to 1.0000e-04.
Epoch: 189, Loss:0.1640 Train: 0.9708, Val:0.8400, Test: 0.8960, Time(s/epoch):0.1656
0.12934328615665436 0.19936150312423706 0.19692450761795044
Loss_clf:0.167 | Loss_dist:0.000 | Loss_kl:0.003
Adjusting learning rate of group 0 to 1.0000e-04.
Epoch: 190, Loss:0.1670 Train: 0.9677, Val:0.8400, Test: 0.8960, Time(s/epoch):0.1643
0.1298052817583084 0.1897008717060089 0.1932986080646515
Loss_clf:0.164 | Loss_dist:0.000 | Loss_kl:0.003
Adjusting learning rate of group 0 to 1.0000e-04.
Epoch: 191, Loss:0.1641 Train: 0.9677, Val:0.8400, Test: 0.8960, Time(s/epoch):0.1475
0.12587222456932068 0.1924179047346115 0.19411419332027435
Loss_clf:0.163 | Loss_dist:0.000 | Loss_kl:0.003
Adjusting learning rate of group 0 to 1.0000e-04.
Epoch: 192, Loss:0.1632 Train: 0.9677, Val:0.8400, Test: 0.8960, Time(s/epoch):0.1595
0.1322093904018402 0.19631122052669525 0.200267031788826
Loss_clf:0.169 | Loss_dist:0.000 | Loss_kl:0.003
Adjusting learning rate of group 0 to 1.0000e-04.
Epoch: 193, Loss:0.1687 Train: 0.9677, Val:0.8400, Test: 0.8960, Time(s/epoch):0.1642
0.12734924256801605 0.1956573724746704 0.19810353219509125
Loss_clf:0.165 | Loss_dist:0.000 | Loss_kl:0.003
Adjusting learning rate of group 0 to 1.0000e-04.
Epoch: 194, Loss:0.1654 Train: 0.9687, Val:0.8400, Test: 0.8960, Time(s/epoch):0.1570
0.12785933911800385 0.2083498239517212 0.2058919072151184
Loss_clf:0.171 | Loss_dist:0.000 | Loss_kl:0.003
Adjusting learning rate of group 0 to 1.0000e-04.
Epoch: 195, Loss:0.1708 Train: 0.9708, Val:0.8400, Test: 0.8960, Time(s/epoch):0.1626
0.12312988191843033 0.20057182013988495 0.20067043602466583
Loss_clf:0.165 | Loss_dist:0.000 | Loss_kl:0.003
Adjusting learning rate of group 0 to 1.0000e-04.
Epoch: 196, Loss:0.1652 Train: 0.9708, Val:0.8400, Test: 0.8960, Time(s/epoch):0.1613
0.1282845437526703 0.19173043966293335 0.19358257949352264
Loss_clf:0.164 | Loss_dist:0.000 | Loss_kl:0.003
Adjusting learning rate of group 0 to 1.0000e-04.
Epoch: 197, Loss:0.1638 Train: 0.9698, Val:0.8400, Test: 0.8960, Time(s/epoch):0.1608
0.12562678754329681 0.2003866285085678 0.19937121868133545
Loss_clf:0.167 | Loss_dist:0.000 | Loss_kl:0.004
Adjusting learning rate of group 0 to 1.0000e-04.
Epoch: 198, Loss:0.1671 Train: 0.9698, Val:0.8400, Test: 0.8960, Time(s/epoch):0.1585
0.11851251870393753 0.19177275896072388 0.19659912586212158
Loss_clf:0.159 | Loss_dist:0.000 | Loss_kl:0.003
Adjusting learning rate of group 0 to 1.0000e-04.
Epoch: 199, Loss:0.1595 Train: 0.9698, Val:0.8400, Test: 0.8960, Time(s/epoch):0.1613
0.13224124908447266 0.1970084011554718 0.19671426713466644
Loss_clf:0.167 | Loss_dist:0.000 | Loss_kl:0.003
Adjusting learning rate of group 0 to 1.0000e-05.
Epoch: 200, Loss:0.1676 Train: 0.9698, Val:0.8400, Test: 0.8960, Time(s/epoch):0.1655
0.1314016729593277 0.19964167475700378 0.1951942890882492
Loss_clf:0.168 | Loss_dist:0.000 | Loss_kl:0.004
Adjusting learning rate of group 0 to 1.0000e-05.
Epoch: 201, Loss:0.1684 Train: 0.9698, Val:0.8400, Test: 0.8960, Time(s/epoch):0.1666
0.12061405926942825 0.19604994356632233 0.19567175209522247
Loss_clf:0.161 | Loss_dist:0.000 | Loss_kl:0.003
Adjusting learning rate of group 0 to 1.0000e-05.
Epoch: 202, Loss:0.1617 Train: 0.9698, Val:0.8400, Test: 0.8960, Time(s/epoch):0.1621
0.13158981502056122 0.19379808008670807 0.19777189195156097
Loss_clf:0.167 | Loss_dist:0.000 | Loss_kl:0.003
Adjusting learning rate of group 0 to 1.0000e-05.
Epoch: 203, Loss:0.1674 Train: 0.9698, Val:0.8400, Test: 0.8960, Time(s/epoch):0.1589
0.12493223696947098 0.1942175030708313 0.19322794675827026
Loss_clf:0.162 | Loss_dist:0.000 | Loss_kl:0.003
Adjusting learning rate of group 0 to 1.0000e-05.
Epoch: 204, Loss:0.1627 Train: 0.9698, Val:0.8400, Test: 0.8960, Time(s/epoch):0.1630
0.12939396500587463 0.1953519731760025 0.19338510930538177
Loss_clf:0.165 | Loss_dist:0.000 | Loss_kl:0.003
Adjusting learning rate of group 0 to 1.0000e-05.
Epoch: 205, Loss:0.1651 Train: 0.9698, Val:0.8400, Test: 0.8960, Time(s/epoch):0.1649
0.12491016089916229 0.18988271057605743 0.1907738447189331
Loss_clf:0.161 | Loss_dist:0.000 | Loss_kl:0.003
Adjusting learning rate of group 0 to 1.0000e-05.
Epoch: 206, Loss:0.1613 Train: 0.9698, Val:0.8400, Test: 0.8960, Time(s/epoch):0.1624
0.13001883029937744 0.2036491334438324 0.20125390589237213
Loss_clf:0.169 | Loss_dist:0.000 | Loss_kl:0.003
Adjusting learning rate of group 0 to 1.0000e-05.
Epoch: 207, Loss:0.1695 Train: 0.9698, Val:0.8400, Test: 0.8960, Time(s/epoch):0.1655
0.12257703393697739 0.19107754528522491 0.1907035857439041
Loss_clf:0.160 | Loss_dist:0.000 | Loss_kl:0.004
Adjusting learning rate of group 0 to 1.0000e-05.
Epoch: 208, Loss:0.1606 Train: 0.9698, Val:0.8400, Test: 0.8960, Time(s/epoch):0.1616
0.13347575068473816 0.19493235647678375 0.19559454917907715
Loss_clf:0.168 | Loss_dist:0.000 | Loss_kl:0.003
Adjusting learning rate of group 0 to 1.0000e-05.
Epoch: 209, Loss:0.1677 Train: 0.9687, Val:0.8400, Test: 0.8960, Time(s/epoch):0.1618
0.13613516092300415 0.19406713545322418 0.19461697340011597
Loss_clf:0.168 | Loss_dist:0.000 | Loss_kl:0.003
Adjusting learning rate of group 0 to 1.0000e-05.
Epoch: 210, Loss:0.1684 Train: 0.9687, Val:0.8400, Test: 0.8960, Time(s/epoch):0.1666
0.12482785433530807 0.1949484497308731 0.19353929162025452
Loss_clf:0.162 | Loss_dist:0.000 | Loss_kl:0.003
Adjusting learning rate of group 0 to 1.0000e-05.
Epoch: 211, Loss:0.1625 Train: 0.9698, Val:0.8400, Test: 0.8960, Time(s/epoch):0.1615
0.13132061064243317 0.19963787496089935 0.2016850858926773
Loss_clf:0.169 | Loss_dist:0.000 | Loss_kl:0.003
Adjusting learning rate of group 0 to 1.0000e-05.
Epoch: 212, Loss:0.1694 Train: 0.9698, Val:0.8400, Test: 0.8960, Time(s/epoch):0.1617
0.12786154448986053 0.19550971686840057 0.19512636959552765
Loss_clf:0.165 | Loss_dist:0.000 | Loss_kl:0.004
Adjusting learning rate of group 0 to 1.0000e-05.
Epoch: 213, Loss:0.1657 Train: 0.9698, Val:0.8400, Test: 0.8960, Time(s/epoch):0.1618
0.1302655190229416 0.19380921125411987 0.19854635000228882
Loss_clf:0.166 | Loss_dist:0.000 | Loss_kl:0.003
Adjusting learning rate of group 0 to 1.0000e-05.
Epoch: 214, Loss:0.1663 Train: 0.9698, Val:0.8400, Test: 0.8960, Time(s/epoch):0.1626
0.13023629784584045 0.19487364590168 0.19383223354816437
Loss_clf:0.166 | Loss_dist:0.000 | Loss_kl:0.003
Adjusting learning rate of group 0 to 1.0000e-05.
Epoch: 215, Loss:0.1659 Train: 0.9698, Val:0.8400, Test: 0.8960, Time(s/epoch):0.1640
0.12327427417039871 0.199360191822052 0.19848193228244781
Loss_clf:0.165 | Loss_dist:0.000 | Loss_kl:0.003
Adjusting learning rate of group 0 to 1.0000e-05.
Epoch: 216, Loss:0.1647 Train: 0.9698, Val:0.8400, Test: 0.8960, Time(s/epoch):0.1543
0.12586745619773865 0.19078925251960754 0.1891288012266159
Loss_clf:0.161 | Loss_dist:0.000 | Loss_kl:0.003
Adjusting learning rate of group 0 to 1.0000e-05.
Epoch: 217, Loss:0.1614 Train: 0.9698, Val:0.8400, Test: 0.8960, Time(s/epoch):0.1559
0.1295011043548584 0.1929730623960495 0.1969882994890213
Loss_clf:0.165 | Loss_dist:0.000 | Loss_kl:0.003
Adjusting learning rate of group 0 to 1.0000e-05.
Epoch: 218, Loss:0.1655 Train: 0.9698, Val:0.8400, Test: 0.8960, Time(s/epoch):0.1586
0.12278103828430176 0.19189035892486572 0.19371113181114197
Loss_clf:0.161 | Loss_dist:0.000 | Loss_kl:0.003
Adjusting learning rate of group 0 to 1.0000e-05.
Epoch: 219, Loss:0.1610 Train: 0.9708, Val:0.8400, Test: 0.8960, Time(s/epoch):0.1609
0.12611350417137146 0.1972733587026596 0.1959218680858612
Loss_clf:0.165 | Loss_dist:0.000 | Loss_kl:0.003
Adjusting learning rate of group 0 to 1.0000e-05.
Epoch: 220, Loss:0.1647 Train: 0.9708, Val:0.8400, Test: 0.8960, Time(s/epoch):0.1613
0.1268690526485443 0.19087634980678558 0.1958535611629486
Loss_clf:0.163 | Loss_dist:0.000 | Loss_kl:0.003
Adjusting learning rate of group 0 to 1.0000e-05.
Epoch: 221, Loss:0.1634 Train: 0.9708, Val:0.8400, Test: 0.8960, Time(s/epoch):0.1595
0.1321597397327423 0.20032662153244019 0.19532307982444763
Loss_clf:0.168 | Loss_dist:0.000 | Loss_kl:0.003
Adjusting learning rate of group 0 to 1.0000e-05.
Epoch: 222, Loss:0.1686 Train: 0.9708, Val:0.8400, Test: 0.8960, Time(s/epoch):0.1597
0.13311028480529785 0.1986718773841858 0.19693800806999207
Loss_clf:0.169 | Loss_dist:0.000 | Loss_kl:0.003
Adjusting learning rate of group 0 to 1.0000e-05.
Epoch: 223, Loss:0.1688 Train: 0.9708, Val:0.8400, Test: 0.8960, Time(s/epoch):0.1617
0.12541674077510834 0.19624651968479156 0.19322755932807922
Loss_clf:0.163 | Loss_dist:0.000 | Loss_kl:0.003
Adjusting learning rate of group 0 to 1.0000e-05.
Epoch: 224, Loss:0.1634 Train: 0.9708, Val:0.8400, Test: 0.8960, Time(s/epoch):0.1602
0.12238374352455139 0.20234078168869019 0.20099052786827087
Loss_clf:0.165 | Loss_dist:0.000 | Loss_kl:0.003
Adjusting learning rate of group 0 to 1.0000e-05.
Epoch: 225, Loss:0.1653 Train: 0.9708, Val:0.8400, Test: 0.8960, Time(s/epoch):0.1549
0.12851542234420776 0.19622769951820374 0.1971897929906845
Loss_clf:0.166 | Loss_dist:0.000 | Loss_kl:0.003
Adjusting learning rate of group 0 to 1.0000e-05.
Epoch: 226, Loss:0.1659 Train: 0.9708, Val:0.8400, Test: 0.8960, Time(s/epoch):0.1548
0.13282354176044464 0.20053158700466156 0.1988198608160019
Loss_clf:0.170 | Loss_dist:0.000 | Loss_kl:0.003
Adjusting learning rate of group 0 to 1.0000e-05.
Epoch: 227, Loss:0.1697 Train: 0.9708, Val:0.8400, Test: 0.8960, Time(s/epoch):0.1584
0.13693229854106903 0.1995423585176468 0.20248426496982574
Loss_clf:0.172 | Loss_dist:0.000 | Loss_kl:0.003
Adjusting learning rate of group 0 to 1.0000e-05.
Epoch: 228, Loss:0.1724 Train: 0.9708, Val:0.8400, Test: 0.8960, Time(s/epoch):0.1639
0.12316221743822098 0.1924772560596466 0.1944059133529663
Loss_clf:0.161 | Loss_dist:0.000 | Loss_kl:0.003
Adjusting learning rate of group 0 to 1.0000e-05.
Epoch: 229, Loss:0.1614 Train: 0.9708, Val:0.8400, Test: 0.8960, Time(s/epoch):0.1609
0.12636497616767883 0.2009637951850891 0.20160908997058868
Loss_clf:0.167 | Loss_dist:0.000 | Loss_kl:0.003
Adjusting learning rate of group 0 to 1.0000e-05.
Epoch: 230, Loss:0.1669 Train: 0.9698, Val:0.8400, Test: 0.8960, Time(s/epoch):0.1626
0.12259938567876816 0.1954471617937088 0.1943599134683609
Loss_clf:0.162 | Loss_dist:0.000 | Loss_kl:0.003
Adjusting learning rate of group 0 to 1.0000e-05.
Epoch: 231, Loss:0.1620 Train: 0.9698, Val:0.8400, Test: 0.8960, Time(s/epoch):0.1481
0.12462639808654785 0.19322362542152405 0.19480203092098236
Loss_clf:0.163 | Loss_dist:0.000 | Loss_kl:0.003
Adjusting learning rate of group 0 to 1.0000e-05.
Epoch: 232, Loss:0.1628 Train: 0.9698, Val:0.8400, Test: 0.8960, Time(s/epoch):0.1563
0.1302497386932373 0.20227620005607605 0.20131883025169373
Loss_clf:0.169 | Loss_dist:0.000 | Loss_kl:0.003
Adjusting learning rate of group 0 to 1.0000e-05.
Epoch: 233, Loss:0.1693 Train: 0.9698, Val:0.8400, Test: 0.8960, Time(s/epoch):0.1646
0.12309521436691284 0.19609059393405914 0.19619430601596832
Loss_clf:0.163 | Loss_dist:0.000 | Loss_kl:0.003
Adjusting learning rate of group 0 to 1.0000e-05.
Epoch: 234, Loss:0.1630 Train: 0.9698, Val:0.8400, Test: 0.8960, Time(s/epoch):0.1595
0.13242343068122864 0.1957126408815384 0.19470824301242828
Loss_clf:0.167 | Loss_dist:0.000 | Loss_kl:0.004
Adjusting learning rate of group 0 to 1.0000e-05.
Epoch: 235, Loss:0.1676 Train: 0.9698, Val:0.8400, Test: 0.8960, Time(s/epoch):0.1627
0.12796229124069214 0.20291991531848907 0.20021232962608337
Loss_clf:0.168 | Loss_dist:0.000 | Loss_kl:0.003
Adjusting learning rate of group 0 to 1.0000e-05.
Epoch: 236, Loss:0.1680 Train: 0.9698, Val:0.8400, Test: 0.8960, Time(s/epoch):0.1606
0.1326282024383545 0.18907073140144348 0.19140419363975525
Loss_clf:0.165 | Loss_dist:0.000 | Loss_kl:0.003
Adjusting learning rate of group 0 to 1.0000e-05.
Epoch: 237, Loss:0.1647 Train: 0.9698, Val:0.8400, Test: 0.8960, Time(s/epoch):0.1588
0.12858141958713531 0.19172564148902893 0.1933395117521286
Loss_clf:0.164 | Loss_dist:0.000 | Loss_kl:0.003
Adjusting learning rate of group 0 to 1.0000e-05.
Epoch: 238, Loss:0.1637 Train: 0.9698, Val:0.8400, Test: 0.8960, Time(s/epoch):0.1551
0.136675626039505 0.19960840046405792 0.1982204020023346
Loss_clf:0.171 | Loss_dist:0.000 | Loss_kl:0.003
Adjusting learning rate of group 0 to 1.0000e-05.
Epoch: 239, Loss:0.1711 Train: 0.9698, Val:0.8400, Test: 0.8960, Time(s/epoch):0.1595
0.13055120408535004 0.20223231613636017 0.20080570876598358
Loss_clf:0.169 | Loss_dist:0.000 | Loss_kl:0.003
Adjusting learning rate of group 0 to 1.0000e-05.
Epoch: 240, Loss:0.1693 Train: 0.9698, Val:0.8400, Test: 0.8960, Time(s/epoch):0.1593
0.13471277058124542 0.18804548680782318 0.1873619705438614
Loss_clf:0.165 | Loss_dist:0.000 | Loss_kl:0.004
Adjusting learning rate of group 0 to 1.0000e-05.
Epoch: 241, Loss:0.1649 Train: 0.9698, Val:0.8400, Test: 0.8960, Time(s/epoch):0.1566
0.12283246964216232 0.19000688195228577 0.19316449761390686
Loss_clf:0.161 | Loss_dist:0.000 | Loss_kl:0.004
Adjusting learning rate of group 0 to 1.0000e-05.
Epoch: 242, Loss:0.1609 Train: 0.9708, Val:0.8400, Test: 0.8960, Time(s/epoch):0.1651
0.12876862287521362 0.19037704169750214 0.19243814051151276
Loss_clf:0.163 | Loss_dist:0.000 | Loss_kl:0.003
Adjusting learning rate of group 0 to 1.0000e-05.
Epoch: 243, Loss:0.1633 Train: 0.9708, Val:0.8400, Test: 0.8960, Time(s/epoch):0.1632
0.12636740505695343 0.19061216711997986 0.1929706186056137
Loss_clf:0.163 | Loss_dist:0.000 | Loss_kl:0.004
Adjusting learning rate of group 0 to 1.0000e-05.
Epoch: 244, Loss:0.1627 Train: 0.9698, Val:0.8400, Test: 0.8960, Time(s/epoch):0.1582
0.12556888163089752 0.19931678473949432 0.2009602040052414
Loss_clf:0.166 | Loss_dist:0.000 | Loss_kl:0.003
Adjusting learning rate of group 0 to 1.0000e-05.
Epoch: 245, Loss:0.1664 Train: 0.9698, Val:0.8400, Test: 0.8960, Time(s/epoch):0.1631
0.12664806842803955 0.19454818964004517 0.19599482417106628
Loss_clf:0.164 | Loss_dist:0.000 | Loss_kl:0.003
Adjusting learning rate of group 0 to 1.0000e-05.
Epoch: 246, Loss:0.1638 Train: 0.9708, Val:0.8400, Test: 0.8960, Time(s/epoch):0.1605
0.12203557044267654 0.18861106038093567 0.1903465986251831
Loss_clf:0.159 | Loss_dist:0.000 | Loss_kl:0.003
Adjusting learning rate of group 0 to 1.0000e-05.
Epoch: 247, Loss:0.1594 Train: 0.9708, Val:0.8400, Test: 0.8960, Time(s/epoch):0.1606
0.12944602966308594 0.19156458973884583 0.19545334577560425
Loss_clf:0.165 | Loss_dist:0.000 | Loss_kl:0.003
Adjusting learning rate of group 0 to 1.0000e-05.
Epoch: 248, Loss:0.1648 Train: 0.9698, Val:0.8400, Test: 0.8960, Time(s/epoch):0.1482
0.1265399008989334 0.19316831231117249 0.19491440057754517
Loss_clf:0.163 | Loss_dist:0.000 | Loss_kl:0.003
Adjusting learning rate of group 0 to 1.0000e-05.
Epoch: 249, Loss:0.1636 Train: 0.9698, Val:0.8400, Test: 0.8960, Time(s/epoch):0.1567
0.13260890543460846 0.18721725046634674 0.19205212593078613
Loss_clf:0.164 | Loss_dist:0.000 | Loss_kl:0.003
Adjusting learning rate of group 0 to 1.0000e-05.
Epoch: 250, Loss:0.1644 Train: 0.9698, Val:0.8400, Test: 0.8960, Time(s/epoch):0.1639
0.12159230560064316 0.193685844540596 0.19397467374801636
Loss_clf:0.161 | Loss_dist:0.000 | Loss_kl:0.003
Adjusting learning rate of group 0 to 1.0000e-05.
Epoch: 251, Loss:0.1610 Train: 0.9698, Val:0.8400, Test: 0.8960, Time(s/epoch):0.1615
0.13022151589393616 0.19509495794773102 0.1966470628976822
Loss_clf:0.166 | Loss_dist:0.000 | Loss_kl:0.003
Adjusting learning rate of group 0 to 1.0000e-05.
Epoch: 252, Loss:0.1664 Train: 0.9698, Val:0.8400, Test: 0.8960, Time(s/epoch):0.1628
0.12485165148973465 0.19632300734519958 0.197784885764122
Loss_clf:0.164 | Loss_dist:0.000 | Loss_kl:0.003
Adjusting learning rate of group 0 to 1.0000e-05.
Epoch: 253, Loss:0.1640 Train: 0.9698, Val:0.8400, Test: 0.8960, Time(s/epoch):0.1524
0.12078514695167542 0.1861080825328827 0.1901606023311615
Loss_clf:0.158 | Loss_dist:0.000 | Loss_kl:0.004
Adjusting learning rate of group 0 to 1.0000e-05.
Epoch: 254, Loss:0.1584 Train: 0.9698, Val:0.8400, Test: 0.8960, Time(s/epoch):0.1572
0.12472354620695114 0.20284491777420044 0.20324057340621948
Loss_clf:0.167 | Loss_dist:0.000 | Loss_kl:0.003
Adjusting learning rate of group 0 to 1.0000e-05.
Epoch: 255, Loss:0.1675 Train: 0.9698, Val:0.8400, Test: 0.8960, Time(s/epoch):0.1626
0.12153268605470657 0.1899501085281372 0.1889367550611496
Loss_clf:0.160 | Loss_dist:0.000 | Loss_kl:0.004
Adjusting learning rate of group 0 to 1.0000e-05.
Epoch: 256, Loss:0.1601 Train: 0.9698, Val:0.8400, Test: 0.8960, Time(s/epoch):0.1597
0.12519021332263947 0.19880615174770355 0.19888441264629364
Loss_clf:0.165 | Loss_dist:0.000 | Loss_kl:0.003
Adjusting learning rate of group 0 to 1.0000e-05.
Epoch: 257, Loss:0.1654 Train: 0.9698, Val:0.8400, Test: 0.8960, Time(s/epoch):0.1604
0.12240128219127655 0.19086192548274994 0.18956153094768524
Loss_clf:0.161 | Loss_dist:0.000 | Loss_kl:0.004
Adjusting learning rate of group 0 to 1.0000e-05.
Epoch: 258, Loss:0.1609 Train: 0.9698, Val:0.8400, Test: 0.8960, Time(s/epoch):0.1619
0.13052603602409363 0.19370734691619873 0.19533944129943848
Loss_clf:0.166 | Loss_dist:0.000 | Loss_kl:0.003
Adjusting learning rate of group 0 to 1.0000e-05.
Epoch: 259, Loss:0.1660 Train: 0.9698, Val:0.8400, Test: 0.8960, Time(s/epoch):0.1603
0.12531346082687378 0.19400383532047272 0.19204887747764587
Loss_clf:0.162 | Loss_dist:0.000 | Loss_kl:0.003
Adjusting learning rate of group 0 to 1.0000e-05.
Epoch: 260, Loss:0.1626 Train: 0.9698, Val:0.8400, Test: 0.8960, Time(s/epoch):0.1744
0.12726815044879913 0.1960476040840149 0.19427084922790527
Loss_clf:0.165 | Loss_dist:0.000 | Loss_kl:0.004
Adjusting learning rate of group 0 to 1.0000e-05.
Epoch: 261, Loss:0.1649 Train: 0.9698, Val:0.8400, Test: 0.8960, Time(s/epoch):0.1740
0.12179431319236755 0.1869393140077591 0.18695992231369019
Loss_clf:0.158 | Loss_dist:0.000 | Loss_kl:0.003
Adjusting learning rate of group 0 to 1.0000e-05.
Epoch: 262, Loss:0.1579 Train: 0.9698, Val:0.8400, Test: 0.8960, Time(s/epoch):0.1747
0.11929734796285629 0.191208153963089 0.19325758516788483
Loss_clf:0.160 | Loss_dist:0.000 | Loss_kl:0.004
Adjusting learning rate of group 0 to 1.0000e-05.
Epoch: 263, Loss:0.1598 Train: 0.9698, Val:0.8400, Test: 0.8960, Time(s/epoch):0.1730
0.12094748020172119 0.19029997289180756 0.19259005784988403
Loss_clf:0.159 | Loss_dist:0.000 | Loss_kl:0.003
Adjusting learning rate of group 0 to 1.0000e-05.
Epoch: 264, Loss:0.1593 Train: 0.9698, Val:0.8400, Test: 0.8960, Time(s/epoch):0.1763
0.13104316592216492 0.19192588329315186 0.19298282265663147
Loss_clf:0.165 | Loss_dist:0.000 | Loss_kl:0.003
Adjusting learning rate of group 0 to 1.0000e-05.
Epoch: 265, Loss:0.1653 Train: 0.9677, Val:0.8400, Test: 0.8960, Time(s/epoch):0.1742
0.13750797510147095 0.20415183901786804 0.20484034717082977
Loss_clf:0.174 | Loss_dist:0.000 | Loss_kl:0.003
Adjusting learning rate of group 0 to 1.0000e-05.
Epoch: 266, Loss:0.1744 Train: 0.9687, Val:0.8400, Test: 0.8960, Time(s/epoch):0.1762
0.12390247732400894 0.1993323415517807 0.19583991169929504
Loss_clf:0.164 | Loss_dist:0.000 | Loss_kl:0.003
Adjusting learning rate of group 0 to 1.0000e-05.
Epoch: 267, Loss:0.1640 Train: 0.9687, Val:0.8400, Test: 0.8960, Time(s/epoch):0.1759
0.13133375346660614 0.19115221500396729 0.19436822831630707
Loss_clf:0.166 | Loss_dist:0.000 | Loss_kl:0.004
Adjusting learning rate of group 0 to 1.0000e-05.
Epoch: 268, Loss:0.1659 Train: 0.9687, Val:0.8400, Test: 0.8960, Time(s/epoch):0.1706
0.12683679163455963 0.2001381367444992 0.2006325125694275
Loss_clf:0.167 | Loss_dist:0.000 | Loss_kl:0.003
Adjusting learning rate of group 0 to 1.0000e-05.
Epoch: 269, Loss:0.1669 Train: 0.9687, Val:0.8400, Test: 0.8960, Time(s/epoch):0.1712
0.12117484956979752 0.19512130320072174 0.19501295685768127
Loss_clf:0.161 | Loss_dist:0.000 | Loss_kl:0.003
Adjusting learning rate of group 0 to 1.0000e-05.
Epoch: 270, Loss:0.1614 Train: 0.9687, Val:0.8400, Test: 0.8960, Time(s/epoch):0.1751
0.1265205591917038 0.19764965772628784 0.1998174488544464
Loss_clf:0.166 | Loss_dist:0.000 | Loss_kl:0.003
Adjusting learning rate of group 0 to 1.0000e-05.
Epoch: 271, Loss:0.1657 Train: 0.9687, Val:0.8400, Test: 0.8960, Time(s/epoch):0.1740
0.12670782208442688 0.19806863367557526 0.19622991979122162
Loss_clf:0.165 | Loss_dist:0.000 | Loss_kl:0.003
Adjusting learning rate of group 0 to 1.0000e-05.
Epoch: 272, Loss:0.1655 Train: 0.9687, Val:0.8400, Test: 0.8960, Time(s/epoch):0.1730
0.12396250665187836 0.1969158798456192 0.1918250024318695
Loss_clf:0.162 | Loss_dist:0.000 | Loss_kl:0.003
Adjusting learning rate of group 0 to 1.0000e-05.
Epoch: 273, Loss:0.1624 Train: 0.9687, Val:0.8400, Test: 0.8960, Time(s/epoch):0.1761
0.12264636904001236 0.19705262780189514 0.1966656893491745
Loss_clf:0.163 | Loss_dist:0.000 | Loss_kl:0.003
Adjusting learning rate of group 0 to 1.0000e-05.
Epoch: 274, Loss:0.1633 Train: 0.9708, Val:0.8400, Test: 0.8960, Time(s/epoch):0.1572
0.12785962224006653 0.20324839651584625 0.2029363512992859
Loss_clf:0.169 | Loss_dist:0.000 | Loss_kl:0.003
Adjusting learning rate of group 0 to 1.0000e-05.
Epoch: 275, Loss:0.1687 Train: 0.9708, Val:0.8400, Test: 0.8960, Time(s/epoch):0.1665
0.12365434318780899 0.20483234524726868 0.19940365850925446
Loss_clf:0.167 | Loss_dist:0.000 | Loss_kl:0.004
Adjusting learning rate of group 0 to 1.0000e-05.
Epoch: 276, Loss:0.1668 Train: 0.9708, Val:0.8400, Test: 0.8960, Time(s/epoch):0.1663
0.13411296904087067 0.18551397323608398 0.1892886757850647
Loss_clf:0.164 | Loss_dist:0.000 | Loss_kl:0.003
Adjusting learning rate of group 0 to 1.0000e-05.
Epoch: 277, Loss:0.1638 Train: 0.9708, Val:0.8400, Test: 0.8960, Time(s/epoch):0.1616
0.13658875226974487 0.19385619461536407 0.19554263353347778
Loss_clf:0.169 | Loss_dist:0.000 | Loss_kl:0.003
Adjusting learning rate of group 0 to 1.0000e-05.
Epoch: 278, Loss:0.1690 Train: 0.9708, Val:0.8400, Test: 0.8960, Time(s/epoch):0.1605
0.12902827560901642 0.18809129297733307 0.18923448026180267
Loss_clf:0.162 | Loss_dist:0.000 | Loss_kl:0.004
Adjusting learning rate of group 0 to 1.0000e-05.
Epoch: 279, Loss:0.1626 Train: 0.9698, Val:0.8400, Test: 0.8960, Time(s/epoch):0.1619
0.12557467818260193 0.19140243530273438 0.1957090049982071
Loss_clf:0.163 | Loss_dist:0.000 | Loss_kl:0.003
Adjusting learning rate of group 0 to 1.0000e-05.
Epoch: 280, Loss:0.1627 Train: 0.9698, Val:0.8400, Test: 0.8960, Time(s/epoch):0.1673
0.12927140295505524 0.19259941577911377 0.19570070505142212
Loss_clf:0.165 | Loss_dist:0.000 | Loss_kl:0.003
Adjusting learning rate of group 0 to 1.0000e-05.
Epoch: 281, Loss:0.1649 Train: 0.9698, Val:0.8400, Test: 0.8960, Time(s/epoch):0.1559
0.11913078278303146 0.19152158498764038 0.19232359528541565
Loss_clf:0.159 | Loss_dist:0.000 | Loss_kl:0.004
Adjusting learning rate of group 0 to 1.0000e-05.
Epoch: 282, Loss:0.1592 Train: 0.9698, Val:0.8400, Test: 0.8960, Time(s/epoch):0.1475
0.12825247645378113 0.1887625902891159 0.18923522531986237
Loss_clf:0.162 | Loss_dist:0.000 | Loss_kl:0.004
Adjusting learning rate of group 0 to 1.0000e-05.
Epoch: 283, Loss:0.1626 Train: 0.9698, Val:0.8400, Test: 0.8960, Time(s/epoch):0.1614
0.13784806430339813 0.20222890377044678 0.20280121266841888
Loss_clf:0.174 | Loss_dist:0.000 | Loss_kl:0.004
Adjusting learning rate of group 0 to 1.0000e-05.
Epoch: 284, Loss:0.1738 Train: 0.9698, Val:0.8400, Test: 0.8960, Time(s/epoch):0.1653
0.12521067261695862 0.1895257830619812 0.18865114450454712
Loss_clf:0.161 | Loss_dist:0.000 | Loss_kl:0.004
Adjusting learning rate of group 0 to 1.0000e-05.
Epoch: 285, Loss:0.1611 Train: 0.9698, Val:0.8400, Test: 0.8960, Time(s/epoch):0.1612
0.12970952689647675 0.19483736157417297 0.19750812649726868
Loss_clf:0.167 | Loss_dist:0.000 | Loss_kl:0.004
Adjusting learning rate of group 0 to 1.0000e-05.
Epoch: 286, Loss:0.1673 Train: 0.9698, Val:0.8400, Test: 0.8960, Time(s/epoch):0.1622
0.1285727620124817 0.19544389843940735 0.19310452044010162
Loss_clf:0.165 | Loss_dist:0.000 | Loss_kl:0.003
Adjusting learning rate of group 0 to 1.0000e-05.
Epoch: 287, Loss:0.1649 Train: 0.9698, Val:0.8400, Test: 0.8960, Time(s/epoch):0.1623
0.12941278517246246 0.1924479603767395 0.1951478272676468
Loss_clf:0.165 | Loss_dist:0.000 | Loss_kl:0.003
Adjusting learning rate of group 0 to 1.0000e-05.
Epoch: 288, Loss:0.1651 Train: 0.9698, Val:0.8400, Test: 0.8960, Time(s/epoch):0.1604
0.1249244287610054 0.19867229461669922 0.19812849164009094
Loss_clf:0.165 | Loss_dist:0.000 | Loss_kl:0.003
Adjusting learning rate of group 0 to 1.0000e-05.
Epoch: 289, Loss:0.1651 Train: 0.9698, Val:0.8400, Test: 0.8960, Time(s/epoch):0.1623
0.12123199552297592 0.19392280280590057 0.19177857041358948
Loss_clf:0.160 | Loss_dist:0.000 | Loss_kl:0.003
Adjusting learning rate of group 0 to 1.0000e-05.
Epoch: 290, Loss:0.1606 Train: 0.9698, Val:0.8400, Test: 0.8960, Time(s/epoch):0.1621
0.1378406584262848 0.19300204515457153 0.1921789050102234
Loss_clf:0.168 | Loss_dist:0.000 | Loss_kl:0.003
Adjusting learning rate of group 0 to 1.0000e-05.
Epoch: 291, Loss:0.1683 Train: 0.9698, Val:0.8400, Test: 0.8960, Time(s/epoch):0.1599
0.1312645971775055 0.19386115670204163 0.19546787440776825
Loss_clf:0.166 | Loss_dist:0.000 | Loss_kl:0.003
Adjusting learning rate of group 0 to 1.0000e-05.
Epoch: 292, Loss:0.1664 Train: 0.9698, Val:0.8400, Test: 0.8960, Time(s/epoch):0.1629
0.12856382131576538 0.18992194533348083 0.1903059482574463
Loss_clf:0.163 | Loss_dist:0.000 | Loss_kl:0.003
Adjusting learning rate of group 0 to 1.0000e-05.
Epoch: 293, Loss:0.1628 Train: 0.9698, Val:0.8400, Test: 0.8960, Time(s/epoch):0.1597
0.13286302983760834 0.19606716930866241 0.19720864295959473
Loss_clf:0.168 | Loss_dist:0.000 | Loss_kl:0.003
Adjusting learning rate of group 0 to 1.0000e-05.
Epoch: 294, Loss:0.1678 Train: 0.9698, Val:0.8400, Test: 0.8960, Time(s/epoch):0.1607
0.1263062208890915 0.1923285573720932 0.1907391995191574
Loss_clf:0.162 | Loss_dist:0.000 | Loss_kl:0.003
Adjusting learning rate of group 0 to 1.0000e-05.
Epoch: 295, Loss:0.1620 Train: 0.9698, Val:0.8400, Test: 0.8960, Time(s/epoch):0.1602
0.1283005177974701 0.18772360682487488 0.19179333746433258
Loss_clf:0.162 | Loss_dist:0.000 | Loss_kl:0.003
Adjusting learning rate of group 0 to 1.0000e-05.
Epoch: 296, Loss:0.1625 Train: 0.9698, Val:0.8400, Test: 0.8960, Time(s/epoch):0.1610
0.12514445185661316 0.18754194676876068 0.19094523787498474
Loss_clf:0.160 | Loss_dist:0.000 | Loss_kl:0.003
Adjusting learning rate of group 0 to 1.0000e-05.
Epoch: 297, Loss:0.1603 Train: 0.9698, Val:0.8400, Test: 0.8960, Time(s/epoch):0.1593
0.1303643137216568 0.18830996751785278 0.19406896829605103
Loss_clf:0.164 | Loss_dist:0.000 | Loss_kl:0.003
Adjusting learning rate of group 0 to 1.0000e-05.
Epoch: 298, Loss:0.1639 Train: 0.9708, Val:0.8400, Test: 0.8960, Time(s/epoch):0.1651
0.12596705555915833 0.19146138429641724 0.19269226491451263
Loss_clf:0.162 | Loss_dist:0.000 | Loss_kl:0.003
Adjusting learning rate of group 0 to 1.0000e-05.
Epoch: 299, Loss:0.1626 Train: 0.9708, Val:0.8400, Test: 0.8960, Time(s/epoch):0.1612
0.11890555918216705 0.19255152344703674 0.1928999125957489
Loss_clf:0.159 | Loss_dist:0.000 | Loss_kl:0.003
Adjusting learning rate of group 0 to 1.0000e-06.
Epoch: 300, Loss:0.1590 Train: 0.9708, Val:0.8400, Test: 0.8960, Time(s/epoch):0.1592
[Run-1 score] {'train': 0.9697601668404588, 'val': 0.8399999999999999, 'test': 0.8960000000000001, 'loss': 0.18695992231369019}
[Average Score] {'train': 0.9697601668404588, 'val': 0.8399999999999999, 'test': 0.8960000000000001} 
[std Score] {'train': 0.0, 'val': 0.0, 'test': 0.0} 
[Best Score] {'train': 0.9697601668404588, 'val': 0.8399999999999999, 'test': 0.8960000000000001, 'loss': 0.18695992231369019}
[Best test run] 0
